{"C:\\Sourdough-app\\sourdough-app\\backend\\src\\lib\\logger.ts": {"path":"C:\\Sourdough-app\\sourdough-app\\backend\\src\\lib\\logger.ts","statementMap":{"0":{"start":{"line":4,"column":0},"end":{"line":4,"column":30}},"1":{"start":{"line":7,"column":15},"end":{"line":13,"column":2}},"2":{"start":{"line":16,"column":15},"end":{"line":22,"column":2}},"3":{"start":{"line":25,"column":0},"end":{"line":25,"column":26}},"4":{"start":{"line":28,"column":15},"end":{"line":32,"column":null}},"5":{"start":{"line":36,"column":22},"end":{"line":41,"column":null}},"6":{"start":{"line":40,"column":14},"end":{"line":40,"column":102}},"7":{"start":{"line":45,"column":40},"end":{"line":45,"column":42}},"8":{"start":{"line":48,"column":0},"end":{"line":54,"column":1}},"9":{"start":{"line":49,"column":2},"end":{"line":53,"column":4}},"10":{"start":{"line":57,"column":0},"end":{"line":79,"column":1}},"11":{"start":{"line":58,"column":2},"end":{"line":62,"column":4}},"12":{"start":{"line":65,"column":2},"end":{"line":71,"column":4}},"13":{"start":{"line":73,"column":2},"end":{"line":78,"column":4}},"14":{"start":{"line":82,"column":15},"end":{"line":89,"column":2}},"15":{"start":{"line":92,"column":13},"end":{"line":96,"column":2}},"16":{"start":{"line":94,"column":4},"end":{"line":94,"column":32}},"17":{"start":{"line":98,"column":0},"end":{"line":98,"column":22}}},"fnMap":{"0":{"name":"(anonymous_1)","decl":{"start":{"line":40,"column":4},"end":{"line":40,"column":5}},"loc":{"start":{"line":40,"column":14},"end":{"line":40,"column":102}}},"1":{"name":"(anonymous_2)","decl":{"start":{"line":93,"column":9},"end":{"line":93,"column":10}},"loc":{"start":{"line":93,"column":29},"end":{"line":95,"column":3}}}},"branchMap":{"0":{"loc":{"start":{"line":40,"column":65},"end":{"line":40,"column":100}},"type":"cond-expr","locations":[{"start":{"line":40,"column":78},"end":{"line":40,"column":95}},{"start":{"line":40,"column":98},"end":{"line":40,"column":100}}]},"1":{"loc":{"start":{"line":48,"column":0},"end":{"line":54,"column":1}},"type":"if","locations":[{"start":{"line":48,"column":0},"end":{"line":54,"column":1}},{"start":{},"end":{}}]},"2":{"loc":{"start":{"line":57,"column":0},"end":{"line":79,"column":1}},"type":"if","locations":[{"start":{"line":57,"column":0},"end":{"line":79,"column":1}},{"start":{},"end":{}}]},"3":{"loc":{"start":{"line":83,"column":9},"end":{"line":83,"column":93}},"type":"binary-expr","locations":[{"start":{"line":83,"column":9},"end":{"line":83,"column":30}},{"start":{"line":83,"column":35},"end":{"line":83,"column":92}}]},"4":{"loc":{"start":{"line":83,"column":35},"end":{"line":83,"column":92}},"type":"cond-expr","locations":[{"start":{"line":83,"column":76},"end":{"line":83,"column":83}},{"start":{"line":83,"column":86},"end":{"line":83,"column":92}}]}},"s":{"0":10,"1":10,"2":10,"3":10,"4":10,"5":10,"6":655,"7":10,"8":10,"9":10,"10":10,"11":0,"12":0,"13":0,"14":10,"15":10,"16":0,"17":10},"f":{"0":655,"1":0},"b":{"0":[0,655],"1":[10,0],"2":[0,10],"3":[10,10],"4":[0,10]}}
,"C:\\Sourdough-app\\sourdough-app\\backend\\src\\lib\\prisma.ts": {"path":"C:\\Sourdough-app\\sourdough-app\\backend\\src\\lib\\prisma.ts","statementMap":{"0":{"start":{"line":4,"column":0},"end":{"line":4,"column":46}},"1":{"start":{"line":8,"column":24},"end":{"line":8,"column":69}},"2":{"start":{"line":11,"column":2},"end":{"line":15,"column":4}},"3":{"start":{"line":17,"column":0},"end":{"line":19,"column":1}},"4":{"start":{"line":18,"column":2},"end":{"line":18,"column":34}},"5":{"start":{"line":23,"column":2},"end":{"line":23,"column":49}},"6":{"start":{"line":24,"column":2},"end":{"line":24,"column":29}},"7":{"start":{"line":25,"column":2},"end":{"line":25,"column":46}},"8":{"start":{"line":29,"column":0},"end":{"line":32,"column":3}},"9":{"start":{"line":30,"column":2},"end":{"line":30,"column":27}},"10":{"start":{"line":31,"column":2},"end":{"line":31,"column":18}},"11":{"start":{"line":34,"column":0},"end":{"line":37,"column":3}},"12":{"start":{"line":35,"column":2},"end":{"line":35,"column":27}},"13":{"start":{"line":36,"column":2},"end":{"line":36,"column":18}},"14":{"start":{"line":40,"column":0},"end":{"line":42,"column":3}},"15":{"start":{"line":41,"column":2},"end":{"line":41,"column":27}},"16":{"start":{"line":44,"column":0},"end":{"line":44,"column":22}}},"fnMap":{"0":{"name":"gracefulShutdown","decl":{"start":{"line":22,"column":15},"end":{"line":22,"column":31}},"loc":{"start":{"line":22,"column":31},"end":{"line":26,"column":1}}},"1":{"name":"(anonymous_1)","decl":{"start":{"line":29,"column":22},"end":{"line":29,"column":27}},"loc":{"start":{"line":29,"column":33},"end":{"line":32,"column":1}}},"2":{"name":"(anonymous_2)","decl":{"start":{"line":34,"column":21},"end":{"line":34,"column":26}},"loc":{"start":{"line":34,"column":32},"end":{"line":37,"column":1}}},"3":{"name":"(anonymous_3)","decl":{"start":{"line":40,"column":25},"end":{"line":40,"column":30}},"loc":{"start":{"line":40,"column":36},"end":{"line":42,"column":1}}}},"branchMap":{"0":{"loc":{"start":{"line":11,"column":2},"end":{"line":15,"column":4}},"type":"binary-expr","locations":[{"start":{"line":11,"column":2},"end":{"line":11,"column":24}},{"start":{"line":12,"column":2},"end":{"line":15,"column":4}}]},"1":{"loc":{"start":{"line":13,"column":9},"end":{"line":13,"column":88}},"type":"cond-expr","locations":[{"start":{"line":13,"column":50},"end":{"line":13,"column":76}},{"start":{"line":13,"column":79},"end":{"line":13,"column":88}}]},"2":{"loc":{"start":{"line":17,"column":0},"end":{"line":19,"column":1}},"type":"if","locations":[{"start":{"line":17,"column":0},"end":{"line":19,"column":1}},{"start":{},"end":{}}]}},"s":{"0":6,"1":6,"2":6,"3":6,"4":6,"5":0,"6":0,"7":0,"8":6,"9":0,"10":0,"11":6,"12":0,"13":0,"14":6,"15":0,"16":6},"f":{"0":0,"1":0,"2":0,"3":0},"b":{"0":[6,6],"1":[0,6],"2":[6,0]}}
,"C:\\Sourdough-app\\sourdough-app\\backend\\src\\middleware\\authMiddleware.ts": {"path":"C:\\Sourdough-app\\sourdough-app\\backend\\src\\middleware\\authMiddleware.ts","statementMap":{"0":{"start":{"line":12,"column":0},"end":{"line":12,"column":7}},"1":{"start":{"line":38,"column":0},"end":{"line":38,"column":16}},"2":{"start":{"line":2,"column":0},"end":{"line":2,"column":31}},"3":{"start":{"line":3,"column":0},"end":{"line":3,"column":56}},"4":{"start":{"line":5,"column":19},"end":{"line":5,"column":57}},"5":{"start":{"line":6,"column":15},"end":{"line":6,"column":33}},"6":{"start":{"line":13,"column":21},"end":{"line":13,"column":49}},"7":{"start":{"line":14,"column":2},"end":{"line":16,"column":3}},"8":{"start":{"line":15,"column":4},"end":{"line":15,"column":86}},"9":{"start":{"line":18,"column":16},"end":{"line":18,"column":40}},"10":{"start":{"line":19,"column":2},"end":{"line":35,"column":3}},"11":{"start":{"line":20,"column":20},"end":{"line":20,"column":86}},"12":{"start":{"line":22,"column":17},"end":{"line":22,"column":80}},"13":{"start":{"line":23,"column":4},"end":{"line":25,"column":5}},"14":{"start":{"line":24,"column":6},"end":{"line":24,"column":63}},"15":{"start":{"line":27,"column":4},"end":{"line":29,"column":5}},"16":{"start":{"line":28,"column":6},"end":{"line":28,"column":90}},"17":{"start":{"line":31,"column":4},"end":{"line":31,"column":71}},"18":{"start":{"line":32,"column":4},"end":{"line":32,"column":11}},"19":{"start":{"line":34,"column":4},"end":{"line":34,"column":71}},"20":{"start":{"line":39,"column":2},"end":{"line":41,"column":3}},"21":{"start":{"line":40,"column":4},"end":{"line":40,"column":69}},"22":{"start":{"line":42,"column":2},"end":{"line":42,"column":9}}},"fnMap":{"0":{"name":"authenticateJWT","decl":{"start":{"line":12,"column":22},"end":{"line":12,"column":37}},"loc":{"start":{"line":12,"column":89},"end":{"line":36,"column":1}}},"1":{"name":"requireAdmin","decl":{"start":{"line":38,"column":16},"end":{"line":38,"column":28}},"loc":{"start":{"line":38,"column":80},"end":{"line":43,"column":1}}}},"branchMap":{"0":{"loc":{"start":{"line":5,"column":19},"end":{"line":5,"column":57}},"type":"binary-expr","locations":[{"start":{"line":5,"column":19},"end":{"line":5,"column":41}},{"start":{"line":5,"column":45},"end":{"line":5,"column":57}}]},"1":{"loc":{"start":{"line":14,"column":2},"end":{"line":16,"column":3}},"type":"if","locations":[{"start":{"line":14,"column":2},"end":{"line":16,"column":3}},{"start":{},"end":{}}]},"2":{"loc":{"start":{"line":14,"column":6},"end":{"line":14,"column":54}},"type":"binary-expr","locations":[{"start":{"line":14,"column":6},"end":{"line":14,"column":17}},{"start":{"line":14,"column":21},"end":{"line":14,"column":54}}]},"3":{"loc":{"start":{"line":23,"column":4},"end":{"line":25,"column":5}},"type":"if","locations":[{"start":{"line":23,"column":4},"end":{"line":25,"column":5}},{"start":{},"end":{}}]},"4":{"loc":{"start":{"line":27,"column":4},"end":{"line":29,"column":5}},"type":"if","locations":[{"start":{"line":27,"column":4},"end":{"line":29,"column":5}},{"start":{},"end":{}}]},"5":{"loc":{"start":{"line":39,"column":2},"end":{"line":41,"column":3}},"type":"if","locations":[{"start":{"line":39,"column":2},"end":{"line":41,"column":3}},{"start":{},"end":{}}]}},"s":{"0":4,"1":4,"2":4,"3":4,"4":4,"5":4,"6":342,"7":342,"8":21,"9":321,"10":321,"11":321,"12":318,"13":318,"14":27,"15":291,"16":0,"17":291,"18":291,"19":3,"20":28,"21":2,"22":26},"f":{"0":342,"1":28},"b":{"0":[4,0],"1":[21,321],"2":[342,321],"3":[27,291],"4":[0,291],"5":[2,26]}}
,"C:\\Sourdough-app\\sourdough-app\\backend\\src\\middleware\\errorHandler.ts": {"path":"C:\\Sourdough-app\\sourdough-app\\backend\\src\\middleware\\errorHandler.ts","statementMap":{"0":{"start":{"line":72,"column":0},"end":{"line":72,"column":16}},"1":{"start":{"line":167,"column":0},"end":{"line":167,"column":16}},"2":{"start":{"line":5,"column":0},"end":{"line":5,"column":40}},"3":{"start":{"line":6,"column":0},"end":{"line":6,"column":35}},"4":{"start":{"line":22,"column":4},"end":{"line":22,"column":19}},"5":{"start":{"line":23,"column":4},"end":{"line":23,"column":33}},"6":{"start":{"line":24,"column":4},"end":{"line":24,"column":30}},"7":{"start":{"line":25,"column":4},"end":{"line":25,"column":27}},"8":{"start":{"line":28,"column":4},"end":{"line":28,"column":52}},"9":{"start":{"line":16,"column":0},"end":{"line":16,"column":13}},"10":{"start":{"line":36,"column":2},"end":{"line":62,"column":3}},"11":{"start":{"line":39,"column":21},"end":{"line":39,"column":57}},"12":{"start":{"line":40,"column":6},"end":{"line":44,"column":8}},"13":{"start":{"line":48,"column":6},"end":{"line":48,"column":73}},"14":{"start":{"line":52,"column":6},"end":{"line":52,"column":81}},"15":{"start":{"line":56,"column":6},"end":{"line":56,"column":76}},"16":{"start":{"line":60,"column":6},"end":{"line":60,"column":85}},"17":{"start":{"line":61,"column":6},"end":{"line":61,"column":80}},"18":{"start":{"line":79,"column":19},"end":{"line":79,"column":22}},"19":{"start":{"line":80,"column":16},"end":{"line":80,"column":39}},"20":{"start":{"line":81,"column":21},"end":{"line":81,"column":30}},"21":{"start":{"line":84,"column":2},"end":{"line":113,"column":3}},"22":{"start":{"line":85,"column":4},"end":{"line":85,"column":32}},"23":{"start":{"line":86,"column":4},"end":{"line":86,"column":26}},"24":{"start":{"line":87,"column":4},"end":{"line":87,"column":26}},"25":{"start":{"line":90,"column":7},"end":{"line":113,"column":3}},"26":{"start":{"line":91,"column":21},"end":{"line":91,"column":43}},"27":{"start":{"line":92,"column":4},"end":{"line":92,"column":37}},"28":{"start":{"line":93,"column":4},"end":{"line":93,"column":31}},"29":{"start":{"line":94,"column":4},"end":{"line":94,"column":31}},"30":{"start":{"line":97,"column":7},"end":{"line":113,"column":3}},"31":{"start":{"line":98,"column":4},"end":{"line":98,"column":21}},"32":{"start":{"line":99,"column":4},"end":{"line":99,"column":38}},"33":{"start":{"line":102,"column":7},"end":{"line":113,"column":3}},"34":{"start":{"line":103,"column":4},"end":{"line":103,"column":21}},"35":{"start":{"line":104,"column":4},"end":{"line":104,"column":30}},"36":{"start":{"line":106,"column":7},"end":{"line":113,"column":3}},"37":{"start":{"line":107,"column":4},"end":{"line":107,"column":21}},"38":{"start":{"line":108,"column":4},"end":{"line":108,"column":30}},"39":{"start":{"line":112,"column":4},"end":{"line":112,"column":93}},"40":{"start":{"line":116,"column":2},"end":{"line":135,"column":3}},"41":{"start":{"line":118,"column":4},"end":{"line":125,"column":7}},"42":{"start":{"line":126,"column":9},"end":{"line":135,"column":3}},"43":{"start":{"line":128,"column":4},"end":{"line":134,"column":7}},"44":{"start":{"line":138,"column":29},"end":{"line":144,"column":4}},"45":{"start":{"line":147,"column":2},"end":{"line":149,"column":3}},"46":{"start":{"line":148,"column":4},"end":{"line":148,"column":42}},"47":{"start":{"line":152,"column":2},"end":{"line":154,"column":3}},"48":{"start":{"line":153,"column":4},"end":{"line":153,"column":42}},"49":{"start":{"line":156,"column":2},"end":{"line":156,"column":45}},"50":{"start":{"line":168,"column":16},"end":{"line":168,"column":78}},"51":{"start":{"line":169,"column":2},"end":{"line":169,"column":14}}},"fnMap":{"0":{"name":"(anonymous_1)","decl":{"start":{"line":21,"column":2},"end":{"line":21,"column":14}},"loc":{"start":{"line":21,"column":64},"end":{"line":29,"column":3}}},"1":{"name":"handlePrismaError","decl":{"start":{"line":35,"column":9},"end":{"line":35,"column":26}},"loc":{"start":{"line":35,"column":70},"end":{"line":63,"column":1}}},"2":{"name":"errorHandler","decl":{"start":{"line":72,"column":16},"end":{"line":72,"column":28}},"loc":{"start":{"line":76,"column":20},"end":{"line":157,"column":1}}},"3":{"name":"notFoundHandler","decl":{"start":{"line":167,"column":16},"end":{"line":167,"column":31}},"loc":{"start":{"line":167,"column":79},"end":{"line":170,"column":1}}}},"branchMap":{"0":{"loc":{"start":{"line":36,"column":2},"end":{"line":62,"column":3}},"type":"switch","locations":[{"start":{"line":37,"column":4},"end":{"line":44,"column":8}},{"start":{"line":46,"column":4},"end":{"line":48,"column":73}},{"start":{"line":50,"column":4},"end":{"line":52,"column":81}},{"start":{"line":54,"column":4},"end":{"line":56,"column":76}},{"start":{"line":58,"column":4},"end":{"line":61,"column":80}}]},"1":{"loc":{"start":{"line":39,"column":21},"end":{"line":39,"column":57}},"type":"binary-expr","locations":[{"start":{"line":39,"column":21},"end":{"line":39,"column":51}},{"start":{"line":39,"column":55},"end":{"line":39,"column":57}}]},"2":{"loc":{"start":{"line":84,"column":2},"end":{"line":113,"column":3}},"type":"if","locations":[{"start":{"line":84,"column":2},"end":{"line":113,"column":3}},{"start":{"line":90,"column":7},"end":{"line":113,"column":3}}]},"3":{"loc":{"start":{"line":90,"column":7},"end":{"line":113,"column":3}},"type":"if","locations":[{"start":{"line":90,"column":7},"end":{"line":113,"column":3}},{"start":{"line":97,"column":7},"end":{"line":113,"column":3}}]},"4":{"loc":{"start":{"line":97,"column":7},"end":{"line":113,"column":3}},"type":"if","locations":[{"start":{"line":97,"column":7},"end":{"line":113,"column":3}},{"start":{"line":102,"column":7},"end":{"line":113,"column":3}}]},"5":{"loc":{"start":{"line":102,"column":7},"end":{"line":113,"column":3}},"type":"if","locations":[{"start":{"line":102,"column":7},"end":{"line":113,"column":3}},{"start":{"line":106,"column":7},"end":{"line":113,"column":3}}]},"6":{"loc":{"start":{"line":106,"column":7},"end":{"line":113,"column":3}},"type":"if","locations":[{"start":{"line":106,"column":7},"end":{"line":113,"column":3}},{"start":{"line":111,"column":7},"end":{"line":113,"column":3}}]},"7":{"loc":{"start":{"line":112,"column":14},"end":{"line":112,"column":92}},"type":"cond-expr","locations":[{"start":{"line":112,"column":55},"end":{"line":112,"column":66}},{"start":{"line":112,"column":69},"end":{"line":112,"column":92}}]},"8":{"loc":{"start":{"line":116,"column":2},"end":{"line":135,"column":3}},"type":"if","locations":[{"start":{"line":116,"column":2},"end":{"line":135,"column":3}},{"start":{"line":126,"column":9},"end":{"line":135,"column":3}}]},"9":{"loc":{"start":{"line":126,"column":9},"end":{"line":135,"column":3}},"type":"if","locations":[{"start":{"line":126,"column":9},"end":{"line":135,"column":3}},{"start":{},"end":{}}]},"10":{"loc":{"start":{"line":147,"column":2},"end":{"line":149,"column":3}},"type":"if","locations":[{"start":{"line":147,"column":2},"end":{"line":149,"column":3}},{"start":{},"end":{}}]},"11":{"loc":{"start":{"line":147,"column":6},"end":{"line":147,"column":94}},"type":"binary-expr","locations":[{"start":{"line":147,"column":6},"end":{"line":147,"column":44}},{"start":{"line":147,"column":49},"end":{"line":147,"column":72}},{"start":{"line":147,"column":76},"end":{"line":147,"column":93}}]},"12":{"loc":{"start":{"line":152,"column":2},"end":{"line":154,"column":3}},"type":"if","locations":[{"start":{"line":152,"column":2},"end":{"line":154,"column":3}},{"start":{},"end":{}}]}},"s":{"0":10,"1":10,"2":10,"3":10,"4":87,"5":87,"6":87,"7":87,"8":87,"9":10,"10":8,"11":1,"12":1,"13":7,"14":0,"15":0,"16":0,"17":0,"18":90,"19":90,"20":90,"21":90,"22":76,"23":76,"24":76,"25":14,"26":8,"27":8,"28":8,"29":8,"30":6,"31":6,"32":6,"33":0,"34":0,"35":0,"36":0,"37":0,"38":0,"39":0,"40":90,"41":0,"42":90,"43":90,"44":90,"45":90,"46":76,"47":90,"48":0,"49":90,"50":0,"51":0},"f":{"0":87,"1":8,"2":90,"3":0},"b":{"0":[1,7,0,0,0],"1":[1,0],"2":[76,14],"3":[8,6],"4":[6,0],"5":[0,0],"6":[0,0],"7":[0,0],"8":[0,90],"9":[90,0],"10":[76,14],"11":[90,90,76],"12":[0,90]}}
,"C:\\Sourdough-app\\sourdough-app\\backend\\src\\middleware\\rateLimiter.ts": {"path":"C:\\Sourdough-app\\sourdough-app\\backend\\src\\middleware\\rateLimiter.ts","statementMap":{"0":{"start":{"line":12,"column":0},"end":{"line":12,"column":43}},"1":{"start":{"line":13,"column":0},"end":{"line":13,"column":35}},"2":{"start":{"line":24,"column":13},"end":{"line":47,"column":3}},"3":{"start":{"line":36,"column":4},"end":{"line":40,"column":7}},"4":{"start":{"line":42,"column":4},"end":{"line":45,"column":7}},"5":{"start":{"line":61,"column":13},"end":{"line":88,"column":3}},"6":{"start":{"line":76,"column":4},"end":{"line":81,"column":7}},"7":{"start":{"line":83,"column":4},"end":{"line":86,"column":7}},"8":{"start":{"line":101,"column":13},"end":{"line":123,"column":3}},"9":{"start":{"line":112,"column":4},"end":{"line":116,"column":7}},"10":{"start":{"line":118,"column":4},"end":{"line":121,"column":7}}},"fnMap":{"0":{"name":"(anonymous_1)","decl":{"start":{"line":35,"column":11},"end":{"line":35,"column":12}},"loc":{"start":{"line":35,"column":24},"end":{"line":46,"column":3}}},"1":{"name":"(anonymous_2)","decl":{"start":{"line":75,"column":11},"end":{"line":75,"column":12}},"loc":{"start":{"line":75,"column":24},"end":{"line":87,"column":3}}},"2":{"name":"(anonymous_3)","decl":{"start":{"line":111,"column":11},"end":{"line":111,"column":12}},"loc":{"start":{"line":111,"column":24},"end":{"line":122,"column":3}}}},"branchMap":{},"s":{"0":0,"1":0,"2":0,"3":0,"4":0,"5":0,"6":0,"7":0,"8":0,"9":0,"10":0},"f":{"0":0,"1":0,"2":0},"b":{}}
,"C:\\Sourdough-app\\sourdough-app\\backend\\src\\middleware\\validation.ts": {"path":"C:\\Sourdough-app\\sourdough-app\\backend\\src\\middleware\\validation.ts","statementMap":{"0":{"start":{"line":10,"column":0},"end":{"line":10,"column":42}},"1":{"start":{"line":24,"column":28},"end":{"line":44,"column":1}},"2":{"start":{"line":25,"column":2},"end":{"line":43,"column":4}},"3":{"start":{"line":26,"column":29},"end":{"line":29,"column":6}},"4":{"start":{"line":31,"column":4},"end":{"line":38,"column":5}},"5":{"start":{"line":32,"column":22},"end":{"line":35,"column":9}},"6":{"start":{"line":32,"column":51},"end":{"line":35,"column":8}},"7":{"start":{"line":37,"column":6},"end":{"line":37,"column":63}},"8":{"start":{"line":41,"column":4},"end":{"line":41,"column":21}},"9":{"start":{"line":42,"column":4},"end":{"line":42,"column":11}},"10":{"start":{"line":24,"column":13},"end":{"line":24,"column":28}},"11":{"start":{"line":58,"column":30},"end":{"line":76,"column":1}},"12":{"start":{"line":59,"column":2},"end":{"line":75,"column":4}},"13":{"start":{"line":60,"column":29},"end":{"line":62,"column":6}},"14":{"start":{"line":64,"column":4},"end":{"line":71,"column":5}},"15":{"start":{"line":65,"column":22},"end":{"line":68,"column":9}},"16":{"start":{"line":65,"column":51},"end":{"line":68,"column":8}},"17":{"start":{"line":70,"column":6},"end":{"line":70,"column":69}},"18":{"start":{"line":73,"column":4},"end":{"line":73,"column":23}},"19":{"start":{"line":74,"column":4},"end":{"line":74,"column":11}},"20":{"start":{"line":58,"column":13},"end":{"line":58,"column":30}},"21":{"start":{"line":93,"column":29},"end":{"line":112,"column":1}},"22":{"start":{"line":94,"column":2},"end":{"line":111,"column":4}},"23":{"start":{"line":95,"column":29},"end":{"line":98,"column":6}},"24":{"start":{"line":100,"column":4},"end":{"line":107,"column":5}},"25":{"start":{"line":101,"column":22},"end":{"line":104,"column":9}},"26":{"start":{"line":101,"column":51},"end":{"line":104,"column":8}},"27":{"start":{"line":106,"column":6},"end":{"line":106,"column":71}},"28":{"start":{"line":109,"column":4},"end":{"line":109,"column":22}},"29":{"start":{"line":110,"column":4},"end":{"line":110,"column":11}},"30":{"start":{"line":93,"column":13},"end":{"line":93,"column":29}}},"fnMap":{"0":{"name":"(anonymous_0)","decl":{"start":{"line":24,"column":28},"end":{"line":24,"column":29}},"loc":{"start":{"line":24,"column":51},"end":{"line":44,"column":1}}},"1":{"name":"(anonymous_1)","decl":{"start":{"line":25,"column":9},"end":{"line":25,"column":10}},"loc":{"start":{"line":25,"column":61},"end":{"line":43,"column":3}}},"2":{"name":"(anonymous_2)","decl":{"start":{"line":32,"column":40},"end":{"line":32,"column":46}},"loc":{"start":{"line":32,"column":51},"end":{"line":35,"column":8}}},"3":{"name":"(anonymous_3)","decl":{"start":{"line":58,"column":30},"end":{"line":58,"column":31}},"loc":{"start":{"line":58,"column":53},"end":{"line":76,"column":1}}},"4":{"name":"(anonymous_4)","decl":{"start":{"line":59,"column":9},"end":{"line":59,"column":10}},"loc":{"start":{"line":59,"column":61},"end":{"line":75,"column":3}}},"5":{"name":"(anonymous_5)","decl":{"start":{"line":65,"column":40},"end":{"line":65,"column":46}},"loc":{"start":{"line":65,"column":51},"end":{"line":68,"column":8}}},"6":{"name":"(anonymous_6)","decl":{"start":{"line":93,"column":29},"end":{"line":93,"column":30}},"loc":{"start":{"line":93,"column":52},"end":{"line":112,"column":1}}},"7":{"name":"(anonymous_7)","decl":{"start":{"line":94,"column":9},"end":{"line":94,"column":10}},"loc":{"start":{"line":94,"column":61},"end":{"line":111,"column":3}}},"8":{"name":"(anonymous_8)","decl":{"start":{"line":101,"column":40},"end":{"line":101,"column":46}},"loc":{"start":{"line":101,"column":51},"end":{"line":104,"column":8}}}},"branchMap":{"0":{"loc":{"start":{"line":31,"column":4},"end":{"line":38,"column":5}},"type":"if","locations":[{"start":{"line":31,"column":4},"end":{"line":38,"column":5}},{"start":{},"end":{}}]},"1":{"loc":{"start":{"line":64,"column":4},"end":{"line":71,"column":5}},"type":"if","locations":[{"start":{"line":64,"column":4},"end":{"line":71,"column":5}},{"start":{},"end":{}}]},"2":{"loc":{"start":{"line":100,"column":4},"end":{"line":107,"column":5}},"type":"if","locations":[{"start":{"line":100,"column":4},"end":{"line":107,"column":5}},{"start":{},"end":{}}]}},"s":{"0":8,"1":8,"2":32,"3":759,"4":759,"5":49,"6":57,"7":49,"8":710,"9":710,"10":8,"11":8,"12":12,"13":76,"14":76,"15":16,"16":16,"17":16,"18":60,"19":60,"20":8,"21":8,"22":0,"23":0,"24":0,"25":0,"26":0,"27":0,"28":0,"29":0,"30":8},"f":{"0":32,"1":759,"2":57,"3":12,"4":76,"5":16,"6":0,"7":0,"8":0},"b":{"0":[49,710],"1":[16,60],"2":[0,0]}}
,"C:\\Sourdough-app\\sourdough-app\\backend\\src\\routes\\auth.ts": {"path":"C:\\Sourdough-app\\sourdough-app\\backend\\src\\routes\\auth.ts","statementMap":{"0":{"start":{"line":1,"column":0},"end":{"line":1,"column":53}},"1":{"start":{"line":2,"column":0},"end":{"line":2,"column":28}},"2":{"start":{"line":3,"column":0},"end":{"line":3,"column":31}},"3":{"start":{"line":4,"column":0},"end":{"line":4,"column":26}},"4":{"start":{"line":5,"column":0},"end":{"line":5,"column":35}},"5":{"start":{"line":6,"column":0},"end":{"line":6,"column":35}},"6":{"start":{"line":7,"column":0},"end":{"line":7,"column":54}},"7":{"start":{"line":8,"column":0},"end":{"line":8,"column":56}},"8":{"start":{"line":9,"column":0},"end":{"line":9,"column":91}},"9":{"start":{"line":11,"column":15},"end":{"line":11,"column":31}},"10":{"start":{"line":13,"column":19},"end":{"line":13,"column":42}},"11":{"start":{"line":16,"column":0},"end":{"line":38,"column":3}},"12":{"start":{"line":17,"column":2},"end":{"line":37,"column":3}},"13":{"start":{"line":18,"column":32},"end":{"line":18,"column":40}},"14":{"start":{"line":20,"column":21},"end":{"line":20,"column":71}},"15":{"start":{"line":21,"column":4},"end":{"line":23,"column":5}},"16":{"start":{"line":22,"column":6},"end":{"line":22,"column":58}},"17":{"start":{"line":25,"column":17},"end":{"line":25,"column":48}},"18":{"start":{"line":26,"column":17},"end":{"line":28,"column":6}},"19":{"start":{"line":30,"column":18},"end":{"line":30,"column":99}},"20":{"start":{"line":32,"column":4},"end":{"line":32,"column":88}},"21":{"start":{"line":34,"column":4},"end":{"line":34,"column":83}},"22":{"start":{"line":36,"column":4},"end":{"line":36,"column":14}},"23":{"start":{"line":41,"column":0},"end":{"line":64,"column":3}},"24":{"start":{"line":42,"column":2},"end":{"line":63,"column":3}},"25":{"start":{"line":43,"column":32},"end":{"line":43,"column":40}},"26":{"start":{"line":45,"column":17},"end":{"line":45,"column":67}},"27":{"start":{"line":46,"column":4},"end":{"line":49,"column":5}},"28":{"start":{"line":48,"column":6},"end":{"line":48,"column":53}},"29":{"start":{"line":51,"column":18},"end":{"line":51,"column":67}},"30":{"start":{"line":52,"column":4},"end":{"line":54,"column":5}},"31":{"start":{"line":53,"column":6},"end":{"line":53,"column":53}},"32":{"start":{"line":56,"column":18},"end":{"line":56,"column":99}},"33":{"start":{"line":58,"column":4},"end":{"line":58,"column":87}},"34":{"start":{"line":60,"column":4},"end":{"line":60,"column":83}},"35":{"start":{"line":62,"column":4},"end":{"line":62,"column":14}},"36":{"start":{"line":76,"column":0},"end":{"line":215,"column":3}},"37":{"start":{"line":77,"column":22},"end":{"line":77,"column":30}},"38":{"start":{"line":79,"column":2},"end":{"line":214,"column":3}},"39":{"start":{"line":81,"column":31},"end":{"line":81,"column":92}},"40":{"start":{"line":82,"column":4},"end":{"line":82,"column":75}},"41":{"start":{"line":84,"column":22},"end":{"line":84,"column":74}},"42":{"start":{"line":85,"column":68},"end":{"line":85,"column":82}},"43":{"start":{"line":87,"column":4},"end":{"line":87,"column":79}},"44":{"start":{"line":93,"column":15},"end":{"line":96,"column":6}},"45":{"start":{"line":98,"column":18},"end":{"line":98,"column":109}},"46":{"start":{"line":98,"column":45},"end":{"line":98,"column":108}},"47":{"start":{"line":100,"column":4},"end":{"line":172,"column":5}},"48":{"start":{"line":102,"column":6},"end":{"line":102,"column":89}},"49":{"start":{"line":103,"column":6},"end":{"line":110,"column":9}},"50":{"start":{"line":112,"column":38},"end":{"line":112,"column":85}},"51":{"start":{"line":113,"column":38},"end":{"line":113,"column":40}},"52":{"start":{"line":114,"column":6},"end":{"line":116,"column":7}},"53":{"start":{"line":115,"column":8},"end":{"line":115,"column":48}},"54":{"start":{"line":117,"column":6},"end":{"line":131,"column":7}},"55":{"start":{"line":119,"column":8},"end":{"line":130,"column":9}},"56":{"start":{"line":124,"column":12},"end":{"line":127,"column":18}},"57":{"start":{"line":129,"column":12},"end":{"line":129,"column":80}},"58":{"start":{"line":132,"column":6},"end":{"line":144,"column":7}},"59":{"start":{"line":133,"column":8},"end":{"line":143,"column":11}},"60":{"start":{"line":145,"column":11},"end":{"line":172,"column":5}},"61":{"start":{"line":147,"column":6},"end":{"line":147,"column":67}},"62":{"start":{"line":148,"column":6},"end":{"line":168,"column":9}},"63":{"start":{"line":169,"column":6},"end":{"line":169,"column":69}},"64":{"start":{"line":169,"column":42},"end":{"line":169,"column":67}},"65":{"start":{"line":171,"column":6},"end":{"line":171,"column":88}},"66":{"start":{"line":174,"column":4},"end":{"line":177,"column":5}},"67":{"start":{"line":175,"column":6},"end":{"line":175,"column":100}},"68":{"start":{"line":176,"column":6},"end":{"line":176,"column":75}},"69":{"start":{"line":180,"column":18},"end":{"line":180,"column":116}},"70":{"start":{"line":182,"column":4},"end":{"line":182,"column":95}},"71":{"start":{"line":184,"column":4},"end":{"line":193,"column":7}},"72":{"start":{"line":197,"column":4},"end":{"line":213,"column":5}},"73":{"start":{"line":198,"column":6},"end":{"line":201,"column":9}},"74":{"start":{"line":202,"column":6},"end":{"line":206,"column":8}},"75":{"start":{"line":207,"column":11},"end":{"line":213,"column":5}},"76":{"start":{"line":208,"column":6},"end":{"line":208,"column":93}},"77":{"start":{"line":209,"column":6},"end":{"line":209,"column":79}},"78":{"start":{"line":212,"column":6},"end":{"line":212,"column":16}},"79":{"start":{"line":217,"column":0},"end":{"line":217,"column":22}}},"fnMap":{"0":{"name":"(anonymous_1)","decl":{"start":{"line":16,"column":55},"end":{"line":16,"column":60}},"loc":{"start":{"line":16,"column":99},"end":{"line":38,"column":1}}},"1":{"name":"(anonymous_2)","decl":{"start":{"line":41,"column":49},"end":{"line":41,"column":54}},"loc":{"start":{"line":41,"column":93},"end":{"line":64,"column":1}}},"2":{"name":"(anonymous_3)","decl":{"start":{"line":76,"column":62},"end":{"line":76,"column":67}},"loc":{"start":{"line":76,"column":87},"end":{"line":215,"column":1}}},"3":{"name":"(anonymous_4)","decl":{"start":{"line":98,"column":38},"end":{"line":98,"column":41}},"loc":{"start":{"line":98,"column":45},"end":{"line":98,"column":108}}},"4":{"name":"(anonymous_5)","decl":{"start":{"line":169,"column":35},"end":{"line":169,"column":38}},"loc":{"start":{"line":169,"column":42},"end":{"line":169,"column":67}}}},"branchMap":{"0":{"loc":{"start":{"line":21,"column":4},"end":{"line":23,"column":5}},"type":"if","locations":[{"start":{"line":21,"column":4},"end":{"line":23,"column":5}},{"start":{},"end":{}}]},"1":{"loc":{"start":{"line":46,"column":4},"end":{"line":49,"column":5}},"type":"if","locations":[{"start":{"line":46,"column":4},"end":{"line":49,"column":5}},{"start":{},"end":{}}]},"2":{"loc":{"start":{"line":46,"column":8},"end":{"line":46,"column":35}},"type":"binary-expr","locations":[{"start":{"line":46,"column":8},"end":{"line":46,"column":13}},{"start":{"line":46,"column":17},"end":{"line":46,"column":35}}]},"3":{"loc":{"start":{"line":52,"column":4},"end":{"line":54,"column":5}},"type":"if","locations":[{"start":{"line":52,"column":4},"end":{"line":54,"column":5}},{"start":{},"end":{}}]},"4":{"loc":{"start":{"line":98,"column":45},"end":{"line":98,"column":108}},"type":"binary-expr","locations":[{"start":{"line":98,"column":45},"end":{"line":98,"column":70}},{"start":{"line":98,"column":74},"end":{"line":98,"column":108}}]},"5":{"loc":{"start":{"line":100,"column":4},"end":{"line":172,"column":5}},"type":"if","locations":[{"start":{"line":100,"column":4},"end":{"line":172,"column":5}},{"start":{"line":145,"column":11},"end":{"line":172,"column":5}}]},"6":{"loc":{"start":{"line":100,"column":8},"end":{"line":100,"column":24}},"type":"binary-expr","locations":[{"start":{"line":100,"column":8},"end":{"line":100,"column":12}},{"start":{"line":100,"column":16},"end":{"line":100,"column":24}}]},"7":{"loc":{"start":{"line":114,"column":6},"end":{"line":116,"column":7}},"type":"if","locations":[{"start":{"line":114,"column":6},"end":{"line":116,"column":7}},{"start":{},"end":{}}]},"8":{"loc":{"start":{"line":114,"column":10},"end":{"line":114,"column":56}},"type":"binary-expr","locations":[{"start":{"line":114,"column":10},"end":{"line":114,"column":33}},{"start":{"line":114,"column":37},"end":{"line":114,"column":56}}]},"9":{"loc":{"start":{"line":117,"column":6},"end":{"line":131,"column":7}},"type":"if","locations":[{"start":{"line":117,"column":6},"end":{"line":131,"column":7}},{"start":{},"end":{}}]},"10":{"loc":{"start":{"line":117,"column":10},"end":{"line":117,"column":71}},"type":"binary-expr","locations":[{"start":{"line":117,"column":10},"end":{"line":117,"column":17}},{"start":{"line":117,"column":22},"end":{"line":117,"column":39}},{"start":{"line":117,"column":43},"end":{"line":117,"column":70}}]},"11":{"loc":{"start":{"line":119,"column":8},"end":{"line":130,"column":9}},"type":"if","locations":[{"start":{"line":119,"column":8},"end":{"line":130,"column":9}},{"start":{"line":128,"column":15},"end":{"line":130,"column":9}}]},"12":{"loc":{"start":{"line":126,"column":66},"end":{"line":126,"column":93}},"type":"binary-expr","locations":[{"start":{"line":126,"column":66},"end":{"line":126,"column":70}},{"start":{"line":126,"column":74},"end":{"line":126,"column":93}}]},"13":{"loc":{"start":{"line":132,"column":6},"end":{"line":144,"column":7}},"type":"if","locations":[{"start":{"line":132,"column":6},"end":{"line":144,"column":7}},{"start":{},"end":{}}]},"14":{"loc":{"start":{"line":132,"column":10},"end":{"line":132,"column":104}},"type":"binary-expr","locations":[{"start":{"line":132,"column":10},"end":{"line":132,"column":52}},{"start":{"line":132,"column":57},"end":{"line":132,"column":80}},{"start":{"line":132,"column":84},"end":{"line":132,"column":103}}]},"15":{"loc":{"start":{"line":136,"column":17},"end":{"line":136,"column":92}},"type":"binary-expr","locations":[{"start":{"line":136,"column":18},"end":{"line":136,"column":41}},{"start":{"line":136,"column":45},"end":{"line":136,"column":64}},{"start":{"line":136,"column":69},"end":{"line":136,"column":92}}]},"16":{"loc":{"start":{"line":137,"column":17},"end":{"line":140,"column":15}},"type":"binary-expr","locations":[{"start":{"line":137,"column":18},"end":{"line":137,"column":25}},{"start":{"line":137,"column":30},"end":{"line":137,"column":47}},{"start":{"line":137,"column":51},"end":{"line":137,"column":78}},{"start":{"line":137,"column":84},"end":{"line":140,"column":15}}]},"17":{"loc":{"start":{"line":138,"column":39},"end":{"line":138,"column":66}},"type":"binary-expr","locations":[{"start":{"line":138,"column":39},"end":{"line":138,"column":43}},{"start":{"line":138,"column":47},"end":{"line":138,"column":66}}]},"18":{"loc":{"start":{"line":145,"column":11},"end":{"line":172,"column":5}},"type":"if","locations":[{"start":{"line":145,"column":11},"end":{"line":172,"column":5}},{"start":{"line":170,"column":11},"end":{"line":172,"column":5}}]},"19":{"loc":{"start":{"line":162,"column":27},"end":{"line":162,"column":54}},"type":"binary-expr","locations":[{"start":{"line":162,"column":27},"end":{"line":162,"column":31}},{"start":{"line":162,"column":35},"end":{"line":162,"column":54}}]},"20":{"loc":{"start":{"line":174,"column":4},"end":{"line":177,"column":5}},"type":"if","locations":[{"start":{"line":174,"column":4},"end":{"line":177,"column":5}},{"start":{},"end":{}}]},"21":{"loc":{"start":{"line":174,"column":8},"end":{"line":174,"column":25}},"type":"binary-expr","locations":[{"start":{"line":174,"column":8},"end":{"line":174,"column":13}},{"start":{"line":174,"column":17},"end":{"line":174,"column":25}}]},"22":{"loc":{"start":{"line":190,"column":21},"end":{"line":190,"column":81}},"type":"binary-expr","locations":[{"start":{"line":190,"column":21},"end":{"line":190,"column":50}},{"start":{"line":190,"column":54},"end":{"line":190,"column":58}},{"start":{"line":190,"column":62},"end":{"line":190,"column":81}}]},"23":{"loc":{"start":{"line":191,"column":19},"end":{"line":191,"column":57}},"type":"binary-expr","locations":[{"start":{"line":191,"column":19},"end":{"line":191,"column":46}},{"start":{"line":191,"column":50},"end":{"line":191,"column":57}}]},"24":{"loc":{"start":{"line":197,"column":4},"end":{"line":213,"column":5}},"type":"if","locations":[{"start":{"line":197,"column":4},"end":{"line":213,"column":5}},{"start":{"line":207,"column":11},"end":{"line":213,"column":5}}]},"25":{"loc":{"start":{"line":203,"column":8},"end":{"line":203,"column":34}},"type":"binary-expr","locations":[{"start":{"line":203,"column":8},"end":{"line":203,"column":27}},{"start":{"line":203,"column":31},"end":{"line":203,"column":34}}]},"26":{"loc":{"start":{"line":207,"column":11},"end":{"line":213,"column":5}},"type":"if","locations":[{"start":{"line":207,"column":11},"end":{"line":213,"column":5}},{"start":{"line":210,"column":11},"end":{"line":213,"column":5}}]}},"s":{"0":5,"1":5,"2":5,"3":5,"4":5,"5":5,"6":5,"7":5,"8":5,"9":5,"10":5,"11":5,"12":262,"13":262,"14":262,"15":262,"16":0,"17":262,"18":262,"19":262,"20":262,"21":262,"22":0,"23":5,"24":261,"25":261,"26":261,"27":261,"28":1,"29":260,"30":260,"31":0,"32":260,"33":260,"34":260,"35":1,"36":5,"37":22,"38":22,"39":22,"40":22,"41":22,"42":19,"43":19,"44":19,"45":18,"46":2,"47":18,"48":6,"49":6,"50":6,"51":6,"52":6,"53":3,"54":6,"55":2,"56":2,"57":0,"58":6,"59":3,"60":12,"61":10,"62":10,"63":8,"64":8,"65":2,"66":16,"67":0,"68":0,"69":16,"70":16,"71":16,"72":6,"73":2,"74":2,"75":4,"76":1,"77":1,"78":3,"79":5},"f":{"0":262,"1":261,"2":22,"3":2,"4":8},"b":{"0":[0,262],"1":[1,260],"2":[261,260],"3":[0,260],"4":[2,2],"5":[6,12],"6":[18,8],"7":[3,3],"8":[6,5],"9":[2,4],"10":[6,3,1],"11":[2,0],"12":[2,0],"13":[3,3],"14":[6,3,2],"15":[3,3,3],"16":[3,2,0,2],"17":[2,0],"18":[10,2],"19":[10,3],"20":[0,16],"21":[16,16],"22":[16,3,1],"23":[16,11],"24":[2,4],"25":[2,0],"26":[1,3]}}
,"C:\\Sourdough-app\\sourdough-app\\backend\\src\\routes\\bakes.ts": {"path":"C:\\Sourdough-app\\sourdough-app\\backend\\src\\routes\\bakes.ts","statementMap":{"0":{"start":{"line":1,"column":0},"end":{"line":1,"column":53}},"1":{"start":{"line":2,"column":0},"end":{"line":2,"column":61}},"2":{"start":{"line":3,"column":0},"end":{"line":3,"column":76}},"3":{"start":{"line":4,"column":0},"end":{"line":4,"column":35}},"4":{"start":{"line":5,"column":0},"end":{"line":5,"column":35}},"5":{"start":{"line":6,"column":0},"end":{"line":6,"column":72}},"6":{"start":{"line":7,"column":0},"end":{"line":7,"column":111}},"7":{"start":{"line":9,"column":15},"end":{"line":9,"column":31}},"8":{"start":{"line":12,"column":0},"end":{"line":12,"column":28}},"9":{"start":{"line":16,"column":0},"end":{"line":47,"column":3}},"10":{"start":{"line":17,"column":18},"end":{"line":17,"column":34}},"11":{"start":{"line":18,"column":2},"end":{"line":20,"column":3}},"12":{"start":{"line":19,"column":4},"end":{"line":19,"column":72}},"13":{"start":{"line":22,"column":2},"end":{"line":46,"column":3}},"14":{"start":{"line":23,"column":24},"end":{"line":42,"column":6}},"15":{"start":{"line":43,"column":4},"end":{"line":43,"column":26}},"16":{"start":{"line":45,"column":4},"end":{"line":45,"column":16}},"17":{"start":{"line":50,"column":0},"end":{"line":81,"column":3}},"18":{"start":{"line":51,"column":18},"end":{"line":51,"column":34}},"19":{"start":{"line":52,"column":2},"end":{"line":54,"column":3}},"20":{"start":{"line":53,"column":4},"end":{"line":53,"column":72}},"21":{"start":{"line":56,"column":2},"end":{"line":80,"column":3}},"22":{"start":{"line":57,"column":21},"end":{"line":71,"column":6}},"23":{"start":{"line":73,"column":31},"end":{"line":76,"column":7}},"24":{"start":{"line":73,"column":53},"end":{"line":76,"column":6}},"25":{"start":{"line":77,"column":4},"end":{"line":77,"column":33}},"26":{"start":{"line":79,"column":4},"end":{"line":79,"column":16}},"27":{"start":{"line":84,"column":0},"end":{"line":121,"column":3}},"28":{"start":{"line":85,"column":18},"end":{"line":85,"column":34}},"29":{"start":{"line":86,"column":21},"end":{"line":86,"column":31}},"30":{"start":{"line":88,"column":2},"end":{"line":90,"column":3}},"31":{"start":{"line":89,"column":4},"end":{"line":89,"column":72}},"32":{"start":{"line":92,"column":2},"end":{"line":120,"column":3}},"33":{"start":{"line":93,"column":17},"end":{"line":112,"column":6}},"34":{"start":{"line":114,"column":4},"end":{"line":116,"column":5}},"35":{"start":{"line":115,"column":6},"end":{"line":115,"column":89}},"36":{"start":{"line":117,"column":4},"end":{"line":117,"column":19}},"37":{"start":{"line":119,"column":4},"end":{"line":119,"column":16}},"38":{"start":{"line":124,"column":0},"end":{"line":221,"column":3}},"39":{"start":{"line":125,"column":41},"end":{"line":125,"column":49}},"40":{"start":{"line":126,"column":18},"end":{"line":126,"column":34}},"41":{"start":{"line":127,"column":2},"end":{"line":129,"column":3}},"42":{"start":{"line":128,"column":4},"end":{"line":128,"column":72}},"43":{"start":{"line":130,"column":2},"end":{"line":132,"column":3}},"44":{"start":{"line":131,"column":4},"end":{"line":131,"column":71}},"45":{"start":{"line":134,"column":2},"end":{"line":220,"column":3}},"46":{"start":{"line":135,"column":19},"end":{"line":146,"column":6}},"47":{"start":{"line":148,"column":4},"end":{"line":150,"column":5}},"48":{"start":{"line":149,"column":6},"end":{"line":149,"column":68}},"49":{"start":{"line":152,"column":20},"end":{"line":199,"column":6}},"50":{"start":{"line":153,"column":19},"end":{"line":165,"column":8}},"51":{"start":{"line":167,"column":6},"end":{"line":197,"column":7}},"52":{"start":{"line":168,"column":32},"end":{"line":175,"column":10}},"53":{"start":{"line":177,"column":8},"end":{"line":185,"column":9}},"54":{"start":{"line":178,"column":10},"end":{"line":184,"column":13}},"55":{"start":{"line":187,"column":8},"end":{"line":196,"column":9}},"56":{"start":{"line":188,"column":10},"end":{"line":195,"column":13}},"57":{"start":{"line":198,"column":6},"end":{"line":198,"column":18}},"58":{"start":{"line":201,"column":25},"end":{"line":215,"column":6}},"59":{"start":{"line":217,"column":4},"end":{"line":217,"column":46}},"60":{"start":{"line":219,"column":4},"end":{"line":219,"column":16}},"61":{"start":{"line":224,"column":0},"end":{"line":243,"column":3}},"62":{"start":{"line":225,"column":18},"end":{"line":225,"column":34}},"63":{"start":{"line":226,"column":21},"end":{"line":226,"column":31}},"64":{"start":{"line":227,"column":20},"end":{"line":227,"column":28}},"65":{"start":{"line":229,"column":2},"end":{"line":242,"column":3}},"66":{"start":{"line":230,"column":17},"end":{"line":230,"column":97}},"67":{"start":{"line":231,"column":4},"end":{"line":233,"column":5}},"68":{"start":{"line":232,"column":6},"end":{"line":232,"column":89}},"69":{"start":{"line":235,"column":24},"end":{"line":238,"column":6}},"70":{"start":{"line":239,"column":4},"end":{"line":239,"column":26}},"71":{"start":{"line":241,"column":4},"end":{"line":241,"column":16}},"72":{"start":{"line":246,"column":0},"end":{"line":262,"column":3}},"73":{"start":{"line":247,"column":18},"end":{"line":247,"column":34}},"74":{"start":{"line":248,"column":21},"end":{"line":248,"column":31}},"75":{"start":{"line":249,"column":21},"end":{"line":249,"column":29}},"76":{"start":{"line":251,"column":2},"end":{"line":261,"column":3}},"77":{"start":{"line":252,"column":17},"end":{"line":252,"column":97}},"78":{"start":{"line":253,"column":4},"end":{"line":255,"column":5}},"79":{"start":{"line":254,"column":6},"end":{"line":254,"column":89}},"80":{"start":{"line":257,"column":24},"end":{"line":257,"column":101}},"81":{"start":{"line":258,"column":4},"end":{"line":258,"column":26}},"82":{"start":{"line":260,"column":4},"end":{"line":260,"column":16}},"83":{"start":{"line":265,"column":0},"end":{"line":286,"column":3}},"84":{"start":{"line":266,"column":18},"end":{"line":266,"column":34}},"85":{"start":{"line":267,"column":21},"end":{"line":267,"column":31}},"86":{"start":{"line":269,"column":2},"end":{"line":285,"column":3}},"87":{"start":{"line":270,"column":17},"end":{"line":270,"column":97}},"88":{"start":{"line":271,"column":4},"end":{"line":273,"column":5}},"89":{"start":{"line":272,"column":6},"end":{"line":272,"column":89}},"90":{"start":{"line":274,"column":4},"end":{"line":276,"column":5}},"91":{"start":{"line":275,"column":6},"end":{"line":275,"column":81}},"92":{"start":{"line":278,"column":24},"end":{"line":281,"column":6}},"93":{"start":{"line":282,"column":4},"end":{"line":282,"column":26}},"94":{"start":{"line":284,"column":4},"end":{"line":284,"column":16}},"95":{"start":{"line":289,"column":0},"end":{"line":307,"column":3}},"96":{"start":{"line":290,"column":18},"end":{"line":290,"column":34}},"97":{"start":{"line":291,"column":21},"end":{"line":291,"column":31}},"98":{"start":{"line":293,"column":2},"end":{"line":306,"column":3}},"99":{"start":{"line":294,"column":17},"end":{"line":294,"column":97}},"100":{"start":{"line":295,"column":4},"end":{"line":297,"column":5}},"101":{"start":{"line":296,"column":8},"end":{"line":296,"column":91}},"102":{"start":{"line":299,"column":24},"end":{"line":302,"column":6}},"103":{"start":{"line":303,"column":4},"end":{"line":303,"column":26}},"104":{"start":{"line":305,"column":4},"end":{"line":305,"column":16}},"105":{"start":{"line":310,"column":0},"end":{"line":336,"column":3}},"106":{"start":{"line":311,"column":18},"end":{"line":311,"column":34}},"107":{"start":{"line":312,"column":51},"end":{"line":312,"column":61}},"108":{"start":{"line":313,"column":17},"end":{"line":313,"column":34}},"109":{"start":{"line":314,"column":17},"end":{"line":314,"column":34}},"110":{"start":{"line":316,"column":2},"end":{"line":335,"column":3}},"111":{"start":{"line":317,"column":17},"end":{"line":317,"column":89}},"112":{"start":{"line":318,"column":4},"end":{"line":320,"column":5}},"113":{"start":{"line":319,"column":8},"end":{"line":319,"column":91}},"114":{"start":{"line":321,"column":4},"end":{"line":323,"column":5}},"115":{"start":{"line":322,"column":8},"end":{"line":322,"column":84}},"116":{"start":{"line":325,"column":24},"end":{"line":331,"column":6}},"117":{"start":{"line":332,"column":4},"end":{"line":332,"column":26}},"118":{"start":{"line":334,"column":4},"end":{"line":334,"column":16}},"119":{"start":{"line":340,"column":0},"end":{"line":404,"column":3}},"120":{"start":{"line":341,"column":18},"end":{"line":341,"column":34}},"121":{"start":{"line":342,"column":51},"end":{"line":342,"column":61}},"122":{"start":{"line":343,"column":17},"end":{"line":343,"column":34}},"123":{"start":{"line":344,"column":17},"end":{"line":344,"column":34}},"124":{"start":{"line":345,"column":55},"end":{"line":345,"column":63}},"125":{"start":{"line":346,"column":2},"end":{"line":403,"column":3}},"126":{"start":{"line":347,"column":17},"end":{"line":347,"column":89}},"127":{"start":{"line":348,"column":4},"end":{"line":350,"column":5}},"128":{"start":{"line":349,"column":8},"end":{"line":349,"column":91}},"129":{"start":{"line":351,"column":4},"end":{"line":353,"column":5}},"130":{"start":{"line":352,"column":8},"end":{"line":352,"column":84}},"131":{"start":{"line":355,"column":16},"end":{"line":355,"column":26}},"132":{"start":{"line":356,"column":27},"end":{"line":356,"column":101}},"133":{"start":{"line":357,"column":4},"end":{"line":359,"column":5}},"134":{"start":{"line":358,"column":8},"end":{"line":358,"column":82}},"135":{"start":{"line":361,"column":30},"end":{"line":364,"column":6}},"136":{"start":{"line":365,"column":4},"end":{"line":365,"column":56}},"137":{"start":{"line":365,"column":29},"end":{"line":365,"column":56}},"138":{"start":{"line":366,"column":4},"end":{"line":366,"column":71}},"139":{"start":{"line":366,"column":34},"end":{"line":366,"column":71}},"140":{"start":{"line":368,"column":4},"end":{"line":371,"column":7}},"141":{"start":{"line":373,"column":4},"end":{"line":393,"column":5}},"142":{"start":{"line":374,"column":6},"end":{"line":392,"column":7}},"143":{"start":{"line":375,"column":24},"end":{"line":375,"column":42}},"144":{"start":{"line":376,"column":21},"end":{"line":378,"column":10}},"145":{"start":{"line":380,"column":8},"end":{"line":391,"column":9}},"146":{"start":{"line":381,"column":12},"end":{"line":384,"column":15}},"147":{"start":{"line":386,"column":12},"end":{"line":390,"column":15}},"148":{"start":{"line":395,"column":29},"end":{"line":398,"column":6}},"149":{"start":{"line":400,"column":4},"end":{"line":400,"column":31}},"150":{"start":{"line":402,"column":4},"end":{"line":402,"column":16}},"151":{"start":{"line":407,"column":0},"end":{"line":426,"column":3}},"152":{"start":{"line":408,"column":18},"end":{"line":408,"column":34}},"153":{"start":{"line":409,"column":51},"end":{"line":409,"column":61}},"154":{"start":{"line":410,"column":17},"end":{"line":410,"column":34}},"155":{"start":{"line":411,"column":17},"end":{"line":411,"column":34}},"156":{"start":{"line":413,"column":2},"end":{"line":425,"column":3}},"157":{"start":{"line":414,"column":17},"end":{"line":414,"column":89}},"158":{"start":{"line":415,"column":4},"end":{"line":415,"column":102}},"159":{"start":{"line":415,"column":17},"end":{"line":415,"column":100}},"160":{"start":{"line":416,"column":4},"end":{"line":416,"column":102}},"161":{"start":{"line":416,"column":24},"end":{"line":416,"column":100}},"162":{"start":{"line":418,"column":24},"end":{"line":421,"column":6}},"163":{"start":{"line":422,"column":4},"end":{"line":422,"column":26}},"164":{"start":{"line":424,"column":4},"end":{"line":424,"column":16}},"165":{"start":{"line":429,"column":0},"end":{"line":461,"column":3}},"166":{"start":{"line":430,"column":18},"end":{"line":430,"column":34}},"167":{"start":{"line":431,"column":80},"end":{"line":431,"column":90}},"168":{"start":{"line":432,"column":17},"end":{"line":432,"column":34}},"169":{"start":{"line":433,"column":17},"end":{"line":433,"column":34}},"170":{"start":{"line":434,"column":17},"end":{"line":434,"column":34}},"171":{"start":{"line":435,"column":33},"end":{"line":435,"column":41}},"172":{"start":{"line":437,"column":2},"end":{"line":439,"column":3}},"173":{"start":{"line":438,"column":4},"end":{"line":438,"column":74}},"174":{"start":{"line":440,"column":2},"end":{"line":460,"column":3}},"175":{"start":{"line":441,"column":17},"end":{"line":441,"column":89}},"176":{"start":{"line":442,"column":4},"end":{"line":442,"column":102}},"177":{"start":{"line":442,"column":17},"end":{"line":442,"column":100}},"178":{"start":{"line":443,"column":4},"end":{"line":443,"column":102}},"179":{"start":{"line":443,"column":24},"end":{"line":443,"column":100}},"180":{"start":{"line":445,"column":17},"end":{"line":445,"column":109}},"181":{"start":{"line":446,"column":4},"end":{"line":448,"column":5}},"182":{"start":{"line":447,"column":8},"end":{"line":447,"column":100}},"183":{"start":{"line":450,"column":30},"end":{"line":450,"column":99}},"184":{"start":{"line":451,"column":4},"end":{"line":451,"column":56}},"185":{"start":{"line":451,"column":29},"end":{"line":451,"column":56}},"186":{"start":{"line":453,"column":30},"end":{"line":456,"column":6}},"187":{"start":{"line":457,"column":4},"end":{"line":457,"column":32}},"188":{"start":{"line":459,"column":4},"end":{"line":459,"column":16}},"189":{"start":{"line":464,"column":0},"end":{"line":487,"column":3}},"190":{"start":{"line":465,"column":18},"end":{"line":465,"column":34}},"191":{"start":{"line":466,"column":51},"end":{"line":466,"column":61}},"192":{"start":{"line":467,"column":17},"end":{"line":467,"column":34}},"193":{"start":{"line":468,"column":17},"end":{"line":468,"column":34}},"194":{"start":{"line":469,"column":20},"end":{"line":469,"column":28}},"195":{"start":{"line":471,"column":2},"end":{"line":473,"column":3}},"196":{"start":{"line":472,"column":4},"end":{"line":472,"column":73}},"197":{"start":{"line":474,"column":2},"end":{"line":486,"column":3}},"198":{"start":{"line":475,"column":17},"end":{"line":475,"column":89}},"199":{"start":{"line":476,"column":4},"end":{"line":476,"column":102}},"200":{"start":{"line":476,"column":17},"end":{"line":476,"column":100}},"201":{"start":{"line":477,"column":4},"end":{"line":477,"column":102}},"202":{"start":{"line":477,"column":24},"end":{"line":477,"column":100}},"203":{"start":{"line":479,"column":24},"end":{"line":482,"column":6}},"204":{"start":{"line":483,"column":4},"end":{"line":483,"column":26}},"205":{"start":{"line":485,"column":4},"end":{"line":485,"column":16}},"206":{"start":{"line":490,"column":0},"end":{"line":513,"column":3}},"207":{"start":{"line":491,"column":18},"end":{"line":491,"column":34}},"208":{"start":{"line":492,"column":51},"end":{"line":492,"column":61}},"209":{"start":{"line":493,"column":17},"end":{"line":493,"column":34}},"210":{"start":{"line":494,"column":17},"end":{"line":494,"column":34}},"211":{"start":{"line":495,"column":25},"end":{"line":495,"column":33}},"212":{"start":{"line":497,"column":2},"end":{"line":499,"column":3}},"213":{"start":{"line":498,"column":4},"end":{"line":498,"column":78}},"214":{"start":{"line":500,"column":2},"end":{"line":512,"column":3}},"215":{"start":{"line":501,"column":17},"end":{"line":501,"column":89}},"216":{"start":{"line":502,"column":4},"end":{"line":502,"column":102}},"217":{"start":{"line":502,"column":17},"end":{"line":502,"column":100}},"218":{"start":{"line":503,"column":4},"end":{"line":503,"column":102}},"219":{"start":{"line":503,"column":24},"end":{"line":503,"column":100}},"220":{"start":{"line":505,"column":24},"end":{"line":508,"column":6}},"221":{"start":{"line":509,"column":4},"end":{"line":509,"column":26}},"222":{"start":{"line":511,"column":4},"end":{"line":511,"column":16}},"223":{"start":{"line":517,"column":0},"end":{"line":547,"column":3}},"224":{"start":{"line":518,"column":18},"end":{"line":518,"column":34}},"225":{"start":{"line":519,"column":80},"end":{"line":519,"column":90}},"226":{"start":{"line":520,"column":17},"end":{"line":520,"column":34}},"227":{"start":{"line":521,"column":17},"end":{"line":521,"column":34}},"228":{"start":{"line":522,"column":17},"end":{"line":522,"column":34}},"229":{"start":{"line":523,"column":27},"end":{"line":523,"column":35}},"230":{"start":{"line":525,"column":2},"end":{"line":527,"column":3}},"231":{"start":{"line":526,"column":4},"end":{"line":526,"column":78}},"232":{"start":{"line":528,"column":2},"end":{"line":546,"column":3}},"233":{"start":{"line":529,"column":17},"end":{"line":529,"column":89}},"234":{"start":{"line":530,"column":4},"end":{"line":530,"column":102}},"235":{"start":{"line":530,"column":17},"end":{"line":530,"column":100}},"236":{"start":{"line":531,"column":4},"end":{"line":531,"column":102}},"237":{"start":{"line":531,"column":24},"end":{"line":531,"column":100}},"238":{"start":{"line":534,"column":17},"end":{"line":534,"column":109}},"239":{"start":{"line":535,"column":4},"end":{"line":537,"column":5}},"240":{"start":{"line":536,"column":6},"end":{"line":536,"column":98}},"241":{"start":{"line":539,"column":30},"end":{"line":542,"column":6}},"242":{"start":{"line":543,"column":4},"end":{"line":543,"column":32}},"243":{"start":{"line":545,"column":4},"end":{"line":545,"column":16}},"244":{"start":{"line":549,"column":0},"end":{"line":549,"column":22}}},"fnMap":{"0":{"name":"(anonymous_1)","decl":{"start":{"line":16,"column":22},"end":{"line":16,"column":27}},"loc":{"start":{"line":16,"column":70},"end":{"line":47,"column":1}}},"1":{"name":"(anonymous_2)","decl":{"start":{"line":50,"column":16},"end":{"line":50,"column":21}},"loc":{"start":{"line":50,"column":64},"end":{"line":81,"column":1}}},"2":{"name":"(anonymous_3)","decl":{"start":{"line":73,"column":44},"end":{"line":73,"column":48}},"loc":{"start":{"line":73,"column":53},"end":{"line":76,"column":6}}},"3":{"name":"(anonymous_4)","decl":{"start":{"line":84,"column":23},"end":{"line":84,"column":28}},"loc":{"start":{"line":84,"column":71},"end":{"line":121,"column":1}}},"4":{"name":"(anonymous_5)","decl":{"start":{"line":124,"column":17},"end":{"line":124,"column":22}},"loc":{"start":{"line":124,"column":65},"end":{"line":221,"column":1}}},"5":{"name":"(anonymous_6)","decl":{"start":{"line":152,"column":46},"end":{"line":152,"column":51}},"loc":{"start":{"line":152,"column":59},"end":{"line":199,"column":5}}},"6":{"name":"(anonymous_7)","decl":{"start":{"line":224,"column":101},"end":{"line":224,"column":106}},"loc":{"start":{"line":224,"column":149},"end":{"line":243,"column":1}}},"7":{"name":"(anonymous_8)","decl":{"start":{"line":246,"column":103},"end":{"line":246,"column":108}},"loc":{"start":{"line":246,"column":151},"end":{"line":262,"column":1}}},"8":{"name":"(anonymous_9)","decl":{"start":{"line":265,"column":32},"end":{"line":265,"column":37}},"loc":{"start":{"line":265,"column":80},"end":{"line":286,"column":1}}},"9":{"name":"(anonymous_10)","decl":{"start":{"line":289,"column":30},"end":{"line":289,"column":35}},"loc":{"start":{"line":289,"column":78},"end":{"line":307,"column":1}}},"10":{"name":"(anonymous_11)","decl":{"start":{"line":310,"column":43},"end":{"line":310,"column":48}},"loc":{"start":{"line":310,"column":91},"end":{"line":336,"column":1}}},"11":{"name":"(anonymous_12)","decl":{"start":{"line":340,"column":46},"end":{"line":340,"column":51}},"loc":{"start":{"line":340,"column":94},"end":{"line":404,"column":1}}},"12":{"name":"(anonymous_13)","decl":{"start":{"line":407,"column":42},"end":{"line":407,"column":47}},"loc":{"start":{"line":407,"column":90},"end":{"line":426,"column":1}}},"13":{"name":"(anonymous_14)","decl":{"start":{"line":429,"column":73},"end":{"line":429,"column":78}},"loc":{"start":{"line":429,"column":121},"end":{"line":461,"column":1}}},"14":{"name":"(anonymous_15)","decl":{"start":{"line":464,"column":42},"end":{"line":464,"column":47}},"loc":{"start":{"line":464,"column":90},"end":{"line":487,"column":1}}},"15":{"name":"(anonymous_16)","decl":{"start":{"line":490,"column":48},"end":{"line":490,"column":53}},"loc":{"start":{"line":490,"column":96},"end":{"line":513,"column":1}}},"16":{"name":"(anonymous_17)","decl":{"start":{"line":517,"column":80},"end":{"line":517,"column":85}},"loc":{"start":{"line":517,"column":128},"end":{"line":547,"column":1}}}},"branchMap":{"0":{"loc":{"start":{"line":18,"column":2},"end":{"line":20,"column":3}},"type":"if","locations":[{"start":{"line":18,"column":2},"end":{"line":20,"column":3}},{"start":{},"end":{}}]},"1":{"loc":{"start":{"line":52,"column":2},"end":{"line":54,"column":3}},"type":"if","locations":[{"start":{"line":52,"column":2},"end":{"line":54,"column":3}},{"start":{},"end":{}}]},"2":{"loc":{"start":{"line":88,"column":2},"end":{"line":90,"column":3}},"type":"if","locations":[{"start":{"line":88,"column":2},"end":{"line":90,"column":3}},{"start":{},"end":{}}]},"3":{"loc":{"start":{"line":114,"column":4},"end":{"line":116,"column":5}},"type":"if","locations":[{"start":{"line":114,"column":4},"end":{"line":116,"column":5}},{"start":{},"end":{}}]},"4":{"loc":{"start":{"line":127,"column":2},"end":{"line":129,"column":3}},"type":"if","locations":[{"start":{"line":127,"column":2},"end":{"line":129,"column":3}},{"start":{},"end":{}}]},"5":{"loc":{"start":{"line":130,"column":2},"end":{"line":132,"column":3}},"type":"if","locations":[{"start":{"line":130,"column":2},"end":{"line":132,"column":3}},{"start":{},"end":{}}]},"6":{"loc":{"start":{"line":148,"column":4},"end":{"line":150,"column":5}},"type":"if","locations":[{"start":{"line":148,"column":4},"end":{"line":150,"column":5}},{"start":{},"end":{}}]},"7":{"loc":{"start":{"line":157,"column":17},"end":{"line":157,"column":54}},"type":"binary-expr","locations":[{"start":{"line":157,"column":17},"end":{"line":157,"column":26}},{"start":{"line":157,"column":30},"end":{"line":157,"column":54}}]},"8":{"loc":{"start":{"line":182,"column":28},"end":{"line":182,"column":78}},"type":"cond-expr","locations":[{"start":{"line":182,"column":50},"end":{"line":182,"column":65}},{"start":{"line":182,"column":68},"end":{"line":182,"column":78}}]},"9":{"loc":{"start":{"line":231,"column":4},"end":{"line":233,"column":5}},"type":"if","locations":[{"start":{"line":231,"column":4},"end":{"line":233,"column":5}},{"start":{},"end":{}}]},"10":{"loc":{"start":{"line":253,"column":4},"end":{"line":255,"column":5}},"type":"if","locations":[{"start":{"line":253,"column":4},"end":{"line":255,"column":5}},{"start":{},"end":{}}]},"11":{"loc":{"start":{"line":271,"column":4},"end":{"line":273,"column":5}},"type":"if","locations":[{"start":{"line":271,"column":4},"end":{"line":273,"column":5}},{"start":{},"end":{}}]},"12":{"loc":{"start":{"line":274,"column":4},"end":{"line":276,"column":5}},"type":"if","locations":[{"start":{"line":274,"column":4},"end":{"line":276,"column":5}},{"start":{},"end":{}}]},"13":{"loc":{"start":{"line":295,"column":4},"end":{"line":297,"column":5}},"type":"if","locations":[{"start":{"line":295,"column":4},"end":{"line":297,"column":5}},{"start":{},"end":{}}]},"14":{"loc":{"start":{"line":318,"column":4},"end":{"line":320,"column":5}},"type":"if","locations":[{"start":{"line":318,"column":4},"end":{"line":320,"column":5}},{"start":{},"end":{}}]},"15":{"loc":{"start":{"line":321,"column":4},"end":{"line":323,"column":5}},"type":"if","locations":[{"start":{"line":321,"column":4},"end":{"line":323,"column":5}},{"start":{},"end":{}}]},"16":{"loc":{"start":{"line":348,"column":4},"end":{"line":350,"column":5}},"type":"if","locations":[{"start":{"line":348,"column":4},"end":{"line":350,"column":5}},{"start":{},"end":{}}]},"17":{"loc":{"start":{"line":351,"column":4},"end":{"line":353,"column":5}},"type":"if","locations":[{"start":{"line":351,"column":4},"end":{"line":353,"column":5}},{"start":{},"end":{}}]},"18":{"loc":{"start":{"line":357,"column":4},"end":{"line":359,"column":5}},"type":"if","locations":[{"start":{"line":357,"column":4},"end":{"line":359,"column":5}},{"start":{},"end":{}}]},"19":{"loc":{"start":{"line":365,"column":4},"end":{"line":365,"column":56}},"type":"if","locations":[{"start":{"line":365,"column":4},"end":{"line":365,"column":56}},{"start":{},"end":{}}]},"20":{"loc":{"start":{"line":366,"column":4},"end":{"line":366,"column":71}},"type":"if","locations":[{"start":{"line":366,"column":4},"end":{"line":366,"column":71}},{"start":{},"end":{}}]},"21":{"loc":{"start":{"line":373,"column":4},"end":{"line":393,"column":5}},"type":"if","locations":[{"start":{"line":373,"column":4},"end":{"line":393,"column":5}},{"start":{},"end":{}}]},"22":{"loc":{"start":{"line":373,"column":8},"end":{"line":373,"column":74}},"type":"binary-expr","locations":[{"start":{"line":373,"column":8},"end":{"line":373,"column":29}},{"start":{"line":373,"column":33},"end":{"line":373,"column":74}}]},"23":{"loc":{"start":{"line":380,"column":8},"end":{"line":391,"column":9}},"type":"if","locations":[{"start":{"line":380,"column":8},"end":{"line":391,"column":9}},{"start":{"line":385,"column":15},"end":{"line":391,"column":9}}]},"24":{"loc":{"start":{"line":383,"column":37},"end":{"line":383,"column":77}},"type":"cond-expr","locations":[{"start":{"line":383,"column":54},"end":{"line":383,"column":69}},{"start":{"line":383,"column":72},"end":{"line":383,"column":77}}]},"25":{"loc":{"start":{"line":415,"column":4},"end":{"line":415,"column":102}},"type":"if","locations":[{"start":{"line":415,"column":4},"end":{"line":415,"column":102}},{"start":{},"end":{}}]},"26":{"loc":{"start":{"line":416,"column":4},"end":{"line":416,"column":102}},"type":"if","locations":[{"start":{"line":416,"column":4},"end":{"line":416,"column":102}},{"start":{},"end":{}}]},"27":{"loc":{"start":{"line":437,"column":2},"end":{"line":439,"column":3}},"type":"if","locations":[{"start":{"line":437,"column":2},"end":{"line":439,"column":3}},{"start":{},"end":{}}]},"28":{"loc":{"start":{"line":442,"column":4},"end":{"line":442,"column":102}},"type":"if","locations":[{"start":{"line":442,"column":4},"end":{"line":442,"column":102}},{"start":{},"end":{}}]},"29":{"loc":{"start":{"line":443,"column":4},"end":{"line":443,"column":102}},"type":"if","locations":[{"start":{"line":443,"column":4},"end":{"line":443,"column":102}},{"start":{},"end":{}}]},"30":{"loc":{"start":{"line":446,"column":4},"end":{"line":448,"column":5}},"type":"if","locations":[{"start":{"line":446,"column":4},"end":{"line":448,"column":5}},{"start":{},"end":{}}]},"31":{"loc":{"start":{"line":450,"column":45},"end":{"line":450,"column":97}},"type":"cond-expr","locations":[{"start":{"line":450,"column":68},"end":{"line":450,"column":83}},{"start":{"line":450,"column":86},"end":{"line":450,"column":97}}]},"32":{"loc":{"start":{"line":451,"column":4},"end":{"line":451,"column":56}},"type":"if","locations":[{"start":{"line":451,"column":4},"end":{"line":451,"column":56}},{"start":{},"end":{}}]},"33":{"loc":{"start":{"line":471,"column":2},"end":{"line":473,"column":3}},"type":"if","locations":[{"start":{"line":471,"column":2},"end":{"line":473,"column":3}},{"start":{},"end":{}}]},"34":{"loc":{"start":{"line":476,"column":4},"end":{"line":476,"column":102}},"type":"if","locations":[{"start":{"line":476,"column":4},"end":{"line":476,"column":102}},{"start":{},"end":{}}]},"35":{"loc":{"start":{"line":477,"column":4},"end":{"line":477,"column":102}},"type":"if","locations":[{"start":{"line":477,"column":4},"end":{"line":477,"column":102}},{"start":{},"end":{}}]},"36":{"loc":{"start":{"line":497,"column":2},"end":{"line":499,"column":3}},"type":"if","locations":[{"start":{"line":497,"column":2},"end":{"line":499,"column":3}},{"start":{},"end":{}}]},"37":{"loc":{"start":{"line":502,"column":4},"end":{"line":502,"column":102}},"type":"if","locations":[{"start":{"line":502,"column":4},"end":{"line":502,"column":102}},{"start":{},"end":{}}]},"38":{"loc":{"start":{"line":503,"column":4},"end":{"line":503,"column":102}},"type":"if","locations":[{"start":{"line":503,"column":4},"end":{"line":503,"column":102}},{"start":{},"end":{}}]},"39":{"loc":{"start":{"line":507,"column":26},"end":{"line":507,"column":76}},"type":"cond-expr","locations":[{"start":{"line":507,"column":48},"end":{"line":507,"column":63}},{"start":{"line":507,"column":66},"end":{"line":507,"column":76}}]},"40":{"loc":{"start":{"line":525,"column":2},"end":{"line":527,"column":3}},"type":"if","locations":[{"start":{"line":525,"column":2},"end":{"line":527,"column":3}},{"start":{},"end":{}}]},"41":{"loc":{"start":{"line":530,"column":4},"end":{"line":530,"column":102}},"type":"if","locations":[{"start":{"line":530,"column":4},"end":{"line":530,"column":102}},{"start":{},"end":{}}]},"42":{"loc":{"start":{"line":531,"column":4},"end":{"line":531,"column":102}},"type":"if","locations":[{"start":{"line":531,"column":4},"end":{"line":531,"column":102}},{"start":{},"end":{}}]},"43":{"loc":{"start":{"line":535,"column":4},"end":{"line":537,"column":5}},"type":"if","locations":[{"start":{"line":535,"column":4},"end":{"line":537,"column":5}},{"start":{},"end":{}}]},"44":{"loc":{"start":{"line":541,"column":28},"end":{"line":541,"column":82}},"type":"cond-expr","locations":[{"start":{"line":541,"column":52},"end":{"line":541,"column":67}},{"start":{"line":541,"column":70},"end":{"line":541,"column":82}}]}},"s":{"0":2,"1":2,"2":2,"3":2,"4":2,"5":2,"6":2,"7":2,"8":2,"9":2,"10":1,"11":1,"12":0,"13":1,"14":1,"15":1,"16":0,"17":2,"18":3,"19":3,"20":0,"21":3,"22":3,"23":3,"24":4,"25":3,"26":0,"27":2,"28":5,"29":5,"30":5,"31":0,"32":5,"33":5,"34":4,"35":2,"36":2,"37":1,"38":2,"39":46,"40":46,"41":46,"42":0,"43":46,"44":0,"45":46,"46":46,"47":46,"48":1,"49":45,"50":45,"51":45,"52":90,"53":90,"54":0,"55":90,"56":135,"57":45,"58":45,"59":45,"60":0,"61":2,"62":5,"63":5,"64":5,"65":5,"66":5,"67":5,"68":3,"69":2,"70":2,"71":0,"72":2,"73":8,"74":8,"75":8,"76":8,"77":8,"78":8,"79":1,"80":7,"81":7,"82":0,"83":2,"84":12,"85":12,"86":12,"87":12,"88":12,"89":1,"90":11,"91":1,"92":10,"93":10,"94":0,"95":2,"96":4,"97":4,"98":4,"99":4,"100":4,"101":1,"102":3,"103":3,"104":0,"105":2,"106":10,"107":10,"108":10,"109":10,"110":10,"111":10,"112":10,"113":1,"114":9,"115":2,"116":7,"117":5,"118":2,"119":2,"120":7,"121":7,"122":7,"123":7,"124":7,"125":7,"126":7,"127":7,"128":0,"129":7,"130":1,"131":6,"132":6,"133":6,"134":2,"135":4,"136":4,"137":3,"138":4,"139":2,"140":4,"141":4,"142":0,"143":0,"144":0,"145":0,"146":0,"147":0,"148":4,"149":4,"150":0,"151":2,"152":4,"153":4,"154":4,"155":4,"156":4,"157":4,"158":4,"159":1,"160":3,"161":1,"162":2,"163":2,"164":0,"165":2,"166":0,"167":0,"168":0,"169":0,"170":0,"171":0,"172":0,"173":0,"174":0,"175":0,"176":0,"177":0,"178":0,"179":0,"180":0,"181":0,"182":0,"183":0,"184":0,"185":0,"186":0,"187":0,"188":0,"189":2,"190":3,"191":3,"192":3,"193":3,"194":3,"195":3,"196":1,"197":2,"198":2,"199":2,"200":0,"201":2,"202":1,"203":1,"204":1,"205":0,"206":2,"207":4,"208":4,"209":4,"210":4,"211":4,"212":4,"213":1,"214":3,"215":3,"216":3,"217":0,"218":3,"219":1,"220":2,"221":2,"222":0,"223":2,"224":0,"225":0,"226":0,"227":0,"228":0,"229":0,"230":0,"231":0,"232":0,"233":0,"234":0,"235":0,"236":0,"237":0,"238":0,"239":0,"240":0,"241":0,"242":0,"243":0,"244":2},"f":{"0":1,"1":3,"2":4,"3":5,"4":46,"5":45,"6":5,"7":8,"8":12,"9":4,"10":10,"11":7,"12":4,"13":0,"14":3,"15":4,"16":0},"b":{"0":[0,1],"1":[0,3],"2":[0,5],"3":[2,2],"4":[0,46],"5":[0,46],"6":[1,45],"7":[45,36],"8":[0,0],"9":[3,2],"10":[1,7],"11":[1,11],"12":[1,10],"13":[1,3],"14":[1,9],"15":[2,7],"16":[0,7],"17":[1,6],"18":[2,4],"19":[3,1],"20":[2,2],"21":[0,4],"22":[4,0],"23":[0,0],"24":[0,0],"25":[1,3],"26":[1,2],"27":[0,0],"28":[0,0],"29":[0,0],"30":[0,0],"31":[0,0],"32":[0,0],"33":[1,2],"34":[0,2],"35":[1,1],"36":[1,3],"37":[0,3],"38":[1,2],"39":[1,1],"40":[0,0],"41":[0,0],"42":[0,0],"43":[0,0],"44":[0,0]}}
,"C:\\Sourdough-app\\sourdough-app\\backend\\src\\routes\\meta.ts": {"path":"C:\\Sourdough-app\\sourdough-app\\backend\\src\\routes\\meta.ts","statementMap":{"0":{"start":{"line":1,"column":0},"end":{"line":1,"column":30}},"1":{"start":{"line":2,"column":0},"end":{"line":2,"column":35}},"2":{"start":{"line":3,"column":15},"end":{"line":3,"column":31}},"3":{"start":{"line":6,"column":0},"end":{"line":38,"column":3}},"4":{"start":{"line":7,"column":20},"end":{"line":14,"column":4}},"5":{"start":{"line":17,"column":22},"end":{"line":35,"column":5}},"6":{"start":{"line":17,"column":42},"end":{"line":35,"column":4}},"7":{"start":{"line":19,"column":36},"end":{"line":30,"column":6}},"8":{"start":{"line":31,"column":50},"end":{"line":34,"column":6}},"9":{"start":{"line":37,"column":2},"end":{"line":37,"column":39}},"10":{"start":{"line":41,"column":0},"end":{"line":45,"column":3}},"11":{"start":{"line":43,"column":22},"end":{"line":43,"column":84}},"12":{"start":{"line":44,"column":2},"end":{"line":44,"column":28}},"13":{"start":{"line":48,"column":0},"end":{"line":52,"column":3}},"14":{"start":{"line":50,"column":21},"end":{"line":50,"column":91}},"15":{"start":{"line":51,"column":2},"end":{"line":51,"column":27}},"16":{"start":{"line":55,"column":0},"end":{"line":60,"column":3}},"17":{"start":{"line":57,"column":25},"end":{"line":57,"column":90}},"18":{"start":{"line":59,"column":2},"end":{"line":59,"column":39}},"19":{"start":{"line":62,"column":0},"end":{"line":62,"column":22}}},"fnMap":{"0":{"name":"(anonymous_1)","decl":{"start":{"line":6,"column":30},"end":{"line":6,"column":35}},"loc":{"start":{"line":6,"column":50},"end":{"line":38,"column":1}}},"1":{"name":"(anonymous_2)","decl":{"start":{"line":17,"column":36},"end":{"line":17,"column":37}},"loc":{"start":{"line":17,"column":42},"end":{"line":35,"column":4}}},"2":{"name":"(anonymous_3)","decl":{"start":{"line":19,"column":29},"end":{"line":19,"column":31}},"loc":{"start":{"line":19,"column":36},"end":{"line":30,"column":6}}},"3":{"name":"(anonymous_4)","decl":{"start":{"line":31,"column":43},"end":{"line":31,"column":45}},"loc":{"start":{"line":31,"column":50},"end":{"line":34,"column":6}}},"4":{"name":"(anonymous_5)","decl":{"start":{"line":41,"column":27},"end":{"line":41,"column":32}},"loc":{"start":{"line":41,"column":47},"end":{"line":45,"column":1}}},"5":{"name":"(anonymous_6)","decl":{"start":{"line":48,"column":37},"end":{"line":48,"column":42}},"loc":{"start":{"line":48,"column":57},"end":{"line":52,"column":1}}},"6":{"name":"(anonymous_7)","decl":{"start":{"line":55,"column":22},"end":{"line":55,"column":27}},"loc":{"start":{"line":55,"column":42},"end":{"line":60,"column":1}}}},"branchMap":{},"s":{"0":2,"1":2,"2":2,"3":2,"4":13,"5":13,"6":1040,"7":221,"8":65,"9":13,"10":2,"11":8,"12":8,"13":2,"14":7,"15":7,"16":2,"17":8,"18":8,"19":2},"f":{"0":13,"1":1040,"2":221,"3":65,"4":8,"5":7,"6":8},"b":{}}
,"C:\\Sourdough-app\\sourdough-app\\backend\\src\\routes\\recipes.ts": {"path":"C:\\Sourdough-app\\sourdough-app\\backend\\src\\routes\\recipes.ts","statementMap":{"0":{"start":{"line":1,"column":0},"end":{"line":1,"column":30}},"1":{"start":{"line":3,"column":0},"end":{"line":3,"column":76}},"2":{"start":{"line":4,"column":0},"end":{"line":4,"column":35}},"3":{"start":{"line":6,"column":0},"end":{"line":6,"column":72}},"4":{"start":{"line":7,"column":0},"end":{"line":7,"column":106}},"5":{"start":{"line":9,"column":15},"end":{"line":9,"column":31}},"6":{"start":{"line":12,"column":0},"end":{"line":70,"column":3}},"7":{"start":{"line":13,"column":2},"end":{"line":69,"column":3}},"8":{"start":{"line":14,"column":121},"end":{"line":14,"column":129}},"9":{"start":{"line":18,"column":4},"end":{"line":20,"column":5}},"10":{"start":{"line":19,"column":6},"end":{"line":19,"column":71}},"11":{"start":{"line":22,"column":19},"end":{"line":65,"column":6}},"12":{"start":{"line":36,"column":48},"end":{"line":53,"column":16}},"13":{"start":{"line":42,"column":69},"end":{"line":42,"column":142}},"14":{"start":{"line":45,"column":66},"end":{"line":51,"column":22}},"15":{"start":{"line":66,"column":4},"end":{"line":66,"column":33}},"16":{"start":{"line":68,"column":4},"end":{"line":68,"column":14}},"17":{"start":{"line":73,"column":0},"end":{"line":128,"column":3}},"18":{"start":{"line":74,"column":2},"end":{"line":127,"column":3}},"19":{"start":{"line":75,"column":20},"end":{"line":96,"column":6}},"20":{"start":{"line":97,"column":31},"end":{"line":123,"column":6}},"21":{"start":{"line":99,"column":31},"end":{"line":99,"column":36}},"22":{"start":{"line":100,"column":6},"end":{"line":109,"column":7}},"23":{"start":{"line":101,"column":41},"end":{"line":101,"column":104}},"24":{"start":{"line":101,"column":67},"end":{"line":101,"column":103}},"25":{"start":{"line":102,"column":38},"end":{"line":103,"column":null}},"26":{"start":{"line":103,"column":10},"end":{"line":103,"column":75}},"27":{"start":{"line":103,"column":43},"end":{"line":103,"column":74}},"28":{"start":{"line":105,"column":39},"end":{"line":106,"column":null}},"29":{"start":{"line":106,"column":10},"end":{"line":106,"column":73}},"30":{"start":{"line":106,"column":39},"end":{"line":106,"column":72}},"31":{"start":{"line":108,"column":8},"end":{"line":108,"column":105}},"32":{"start":{"line":112,"column":6},"end":{"line":122,"column":8}},"33":{"start":{"line":124,"column":4},"end":{"line":124,"column":33}},"34":{"start":{"line":126,"column":4},"end":{"line":126,"column":14}},"35":{"start":{"line":131,"column":0},"end":{"line":198,"column":3}},"36":{"start":{"line":132,"column":13},"end":{"line":132,"column":34}},"37":{"start":{"line":133,"column":2},"end":{"line":135,"column":3}},"38":{"start":{"line":134,"column":4},"end":{"line":134,"column":64}},"39":{"start":{"line":136,"column":2},"end":{"line":197,"column":3}},"40":{"start":{"line":137,"column":19},"end":{"line":157,"column":6}},"41":{"start":{"line":158,"column":4},"end":{"line":158,"column":76}},"42":{"start":{"line":158,"column":17},"end":{"line":158,"column":76}},"43":{"start":{"line":161,"column":47},"end":{"line":161,"column":53}},"44":{"start":{"line":163,"column":30},"end":{"line":193,"column":6}},"45":{"start":{"line":173,"column":58},"end":{"line":173,"column":62}},"46":{"start":{"line":174,"column":8},"end":{"line":191,"column":10}},"47":{"start":{"line":178,"column":38},"end":{"line":185,"column":12}},"48":{"start":{"line":187,"column":52},"end":{"line":190,"column":12}},"49":{"start":{"line":194,"column":4},"end":{"line":194,"column":32}},"50":{"start":{"line":196,"column":4},"end":{"line":196,"column":14}},"51":{"start":{"line":201,"column":0},"end":{"line":250,"column":3}},"52":{"start":{"line":202,"column":19},"end":{"line":202,"column":28}},"53":{"start":{"line":204,"column":2},"end":{"line":206,"column":3}},"54":{"start":{"line":205,"column":4},"end":{"line":205,"column":108}},"55":{"start":{"line":208,"column":2},"end":{"line":249,"column":3}},"56":{"start":{"line":209,"column":19},"end":{"line":224,"column":6}},"57":{"start":{"line":226,"column":4},"end":{"line":228,"column":5}},"58":{"start":{"line":227,"column":6},"end":{"line":227,"column":102}},"59":{"start":{"line":232,"column":47},"end":{"line":232,"column":53}},"60":{"start":{"line":233,"column":30},"end":{"line":245,"column":6}},"61":{"start":{"line":242,"column":81},"end":{"line":242,"column":85}},"62":{"start":{"line":243,"column":8},"end":{"line":243,"column":344}},"63":{"start":{"line":243,"column":58},"end":{"line":243,"column":193}},"64":{"start":{"line":243,"column":231},"end":{"line":243,"column":338}},"65":{"start":{"line":246,"column":4},"end":{"line":246,"column":32}},"66":{"start":{"line":248,"column":4},"end":{"line":248,"column":14}},"67":{"start":{"line":253,"column":0},"end":{"line":436,"column":3}},"68":{"start":{"line":254,"column":13},"end":{"line":254,"column":34}},"69":{"start":{"line":255,"column":2},"end":{"line":435,"column":3}},"70":{"start":{"line":256,"column":86},"end":{"line":256,"column":94}},"71":{"start":{"line":259,"column":27},"end":{"line":261,"column":6}},"72":{"start":{"line":263,"column":4},"end":{"line":265,"column":5}},"73":{"start":{"line":264,"column":6},"end":{"line":264,"column":105}},"74":{"start":{"line":266,"column":4},"end":{"line":268,"column":5}},"75":{"start":{"line":267,"column":6},"end":{"line":267,"column":126}},"76":{"start":{"line":270,"column":4},"end":{"line":372,"column":7}},"77":{"start":{"line":272,"column":36},"end":{"line":272,"column":38}},"78":{"start":{"line":273,"column":6},"end":{"line":273,"column":109}},"79":{"start":{"line":273,"column":46},"end":{"line":273,"column":109}},"80":{"start":{"line":274,"column":6},"end":{"line":274,"column":112}},"81":{"start":{"line":274,"column":47},"end":{"line":274,"column":112}},"82":{"start":{"line":275,"column":6},"end":{"line":275,"column":97}},"83":{"start":{"line":275,"column":42},"end":{"line":275,"column":97}},"84":{"start":{"line":276,"column":6},"end":{"line":276,"column":68}},"85":{"start":{"line":276,"column":39},"end":{"line":276,"column":68}},"86":{"start":{"line":277,"column":6},"end":{"line":277,"column":71}},"87":{"start":{"line":277,"column":40},"end":{"line":277,"column":71}},"88":{"start":{"line":280,"column":6},"end":{"line":283,"column":9}},"89":{"start":{"line":286,"column":6},"end":{"line":371,"column":7}},"90":{"start":{"line":287,"column":32},"end":{"line":287,"column":89}},"91":{"start":{"line":288,"column":38},"end":{"line":288,"column":105}},"92":{"start":{"line":288,"column":61},"end":{"line":288,"column":65}},"93":{"start":{"line":288,"column":84},"end":{"line":288,"column":104}},"94":{"start":{"line":295,"column":30},"end":{"line":295,"column":106}},"95":{"start":{"line":295,"column":63},"end":{"line":295,"column":105}},"96":{"start":{"line":296,"column":8},"end":{"line":300,"column":9}},"97":{"start":{"line":297,"column":10},"end":{"line":297,"column":101}},"98":{"start":{"line":298,"column":10},"end":{"line":298,"column":97}},"99":{"start":{"line":299,"column":10},"end":{"line":299,"column":73}},"100":{"start":{"line":303,"column":8},"end":{"line":370,"column":9}},"101":{"start":{"line":304,"column":27},"end":{"line":309,
[...]
line":4,"column":35}},"4":{"start":{"line":5,"column":0},"end":{"line":5,"column":54}},"5":{"start":{"line":7,"column":15},"end":{"line":7,"column":31}},"6":{"start":{"line":12,"column":0},"end":{"line":33,"column":3}},"7":{"start":{"line":13,"column":2},"end":{"line":32,"column":3}},"8":{"start":{"line":14,"column":23},"end":{"line":14,"column":44}},"9":{"start":{"line":15,"column":34},"end":{"line":15,"column":42}},"10":{"start":{"line":17,"column":4},"end":{"line":20,"column":5}},"11":{"start":{"line":19,"column":6},"end":{"line":19,"column":82}},"12":{"start":{"line":22,"column":28},"end":{"line":25,"column":6}},"13":{"start":{"line":27,"column":4},"end":{"line":27,"column":83}},"14":{"start":{"line":29,"column":4},"end":{"line":29,"column":30}},"15":{"start":{"line":31,"column":4},"end":{"line":31,"column":14}},"16":{"start":{"line":36,"column":0},"end":{"line":58,"column":3}},"17":{"start":{"line":37,"column":2},"end":{"line":57,"column":3}},"18":{"start":{"line":38,"column":23},"end":{"line":38,"column":44}},"19":{"start":{"line":40,"column":26},"end":{"line":42,"column":6}},"20":{"start":{"line":44,"column":4},"end":{"line":46,"column":5}},"21":{"start":{"line":45,"column":6},"end":{"line":45,"column":109}},"22":{"start":{"line":48,"column":4},"end":{"line":50,"column":7}},"23":{"start":{"line":52,"column":4},"end":{"line":52,"column":83}},"24":{"start":{"line":54,"column":4},"end":{"line":54,"column":27}},"25":{"start":{"line":56,"column":4},"end":{"line":56,"column":14}},"26":{"start":{"line":64,"column":0},"end":{"line":66,"column":3}},"27":{"start":{"line":69,"column":0},"end":{"line":71,"column":3}},"28":{"start":{"line":74,"column":0},"end":{"line":76,"column":3}},"29":{"start":{"line":79,"column":0},"end":{"line":81,"column":3}},"30":{"start":{"line":83,"column":0},"end":{"line":83,"column":22}}},"fnMap":{"0":{"name":"(anonymous_1)","decl":{"start":{"line":12,"column":60},"end":{"line":12,"column":65}},"loc":{"start":{"line":12,"column":98},"end":{"line":33,"column":1}}},"1":{"name":"(anonymous_2)","decl":{"start":{"line":36,"column":63},"end":{"line":36,"column":68}},"loc":{"start":{"line":36,"column":101},"end":{"line":58,"column":1}}},"2":{"name":"(anonymous_3)","decl":{"start":{"line":64,"column":34},"end":{"line":64,"column":39}},"loc":{"start":{"line":64,"column":66},"end":{"line":66,"column":1}}},"3":{"name":"(anonymous_4)","decl":{"start":{"line":69,"column":42},"end":{"line":69,"column":47}},"loc":{"start":{"line":69,"column":74},"end":{"line":71,"column":1}}},"4":{"name":"(anonymous_5)","decl":{"start":{"line":74,"column":36},"end":{"line":74,"column":41}},"loc":{"start":{"line":74,"column":68},"end":{"line":76,"column":1}}},"5":{"name":"(anonymous_6)","decl":{"start":{"line":79,"column":39},"end":{"line":79,"column":44}},"loc":{"start":{"line":79,"column":71},"end":{"line":81,"column":1}}}},"branchMap":{"0":{"loc":{"start":{"line":17,"column":4},"end":{"line":20,"column":5}},"type":"if","locations":[{"start":{"line":17,"column":4},"end":{"line":20,"column":5}},{"start":{},"end":{}}]},"1":{"loc":{"start":{"line":17,"column":8},"end":{"line":18,"column":67}},"type":"binary-expr","locations":[{"start":{"line":17,"column":8},"end":{"line":17,"column":32}},{"start":{"line":17,"column":36},"end":{"line":17,"column":67}},{"start":{"line":18,"column":8},"end":{"line":18,"column":32}},{"start":{"line":18,"column":36},"end":{"line":18,"column":67}}]},"2":{"loc":{"start":{"line":44,"column":4},"end":{"line":46,"column":5}},"type":"if","locations":[{"start":{"line":44,"column":4},"end":{"line":46,"column":5}},{"start":{},"end":{}}]}},"s":{"0":2,"1":2,"2":2,"3":2,"4":2,"5":2,"6":2,"7":14,"8":14,"9":14,"10":14,"11":7,"12":7,"13":4,"14":4,"15":10,"16":2,"17":12,"18":12,"19":12,"20":11,"21":3,"22":8,"23":4,"24":4,"25":8,"26":2,"27":2,"28":2,"29":2,"30":2},"f":{"0":14,"1":12,"2":0,"3":0,"4":0,"5":0},"b":{"0":[7,7],"1":[14,11,9,8],"2":[3,8]}}
,"C:\\Sourdough-app\\sourdough-app\\backend\\src\\routes\\userProfile.ts": {"path":"C:\\Sourdough-app\\sourdough-app\\backend\\src\\routes\\userProfile.ts","statementMap":{"0":{"start":{"line":4,"column":0},"end":{"line":4,"column":30}},"1":{"start":{"line":5,"column":0},"end":{"line":5,"column":76}},"2":{"start":{"line":6,"column":0},"end":{"line":6,"column":35}},"3":{"start":{"line":9,"column":15},"end":{"line":9,"column":31}},"4":{"start":{"line":12,"column":0},"end":{"line":60,"column":3}},"5":{"start":{"line":13,"column":2},"end":{"line":59,"column":3}},"6":{"start":{"line":14,"column":19},"end":{"line":14,"column":35}},"7":{"start":{"line":15,"column":4},"end":{"line":17,"column":5}},"8":{"start":{"line":16,"column":6},"end":{"line":16,"column":71}},"9":{"start":{"line":19,"column":18},"end":{"line":28,"column":6}},"10":{"start":{"line":30,"column":4},"end":{"line":54,"column":5}},"11":{"start":{"line":32,"column":6},"end":{"line":53,"column":9}},"12":{"start":{"line":56,"column":4},"end":{"line":56,"column":22}},"13":{"start":{"line":58,"column":4},"end":{"line":58,"column":16}},"14":{"start":{"line":63,"column":0},"end":{"line":95,"column":3}},"15":{"start":{"line":64,"column":2},"end":{"line":94,"column":3}},"16":{"start":{"line":65,"column":19},"end":{"line":65,"column":35}},"17":{"start":{"line":66,"column":4},"end":{"line":68,"column":5}},"18":{"start":{"line":67,"column":6},"end":{"line":67,"column":71}},"19":{"start":{"line":70,"column":20},"end":{"line":70,"column":28}},"20":{"start":{"line":71,"column":20},"end":{"line":89,"column":6}},"21":{"start":{"line":91,"column":4},"end":{"line":91,"column":22}},"22":{"start":{"line":93,"column":4},"end":{"line":93,"column":16}},"23":{"start":{"line":98,"column":0},"end":{"line":175,"column":3}},"24":{"start":{"line":99,"column":2},"end":{"line":174,"column":3}},"25":{"start":{"line":100,"column":19},"end":{"line":100,"column":35}},"26":{"start":{"line":101,"column":4},"end":{"line":103,"column":5}},"27":{"start":{"line":102,"column":6},"end":{"line":102,"column":71}},"28":{"start":{"line":105,"column":43},"end":{"line":105,"column":51}},"29":{"start":{"line":108,"column":18},"end":{"line":110,"column":6}},"30":{"start":{"line":112,"column":4},"end":{"line":120,"column":5}},"31":{"start":{"line":113,"column":6},"end":{"line":119,"column":9}},"32":{"start":{"line":123,"column":23},"end":{"line":131,"column":6}},"33":{"start":{"line":134,"column":25},"end":{"line":136,"column":6}},"34":{"start":{"line":138,"column":4},"end":{"line":151,"column":5}},"35":{"start":{"line":139,"column":6},"end":{"line":139,"column":48}},"36":{"start":{"line":140,"column":11},"end":{"line":151,"column":5}},"37":{"start":{"line":141,"column":6},"end":{"line":141,"column":48}},"38":{"start":{"line":142,"column":6},"end":{"line":144,"column":7}},"39":{"start":{"line":143,"column":8},"end":{"line":143,"column":78}},"40":{"start":{"line":145,"column":11},"end":{"line":151,"column":5}},"41":{"start":{"line":146,"column":22},"end":{"line":146,"column":51}},"42":{"start":{"line":147,"column":30},"end":{"line":147,"column":64}},"43":{"start":{"line":148,"column":6},"end":{"line":150,"column":7}},"44":{"start":{"line":149,"column":8},"end":{"line":149,"column":69}},"45":{"start":{"line":154,"column":26},"end":{"line":155,"column":92}},"46":{"start":{"line":157,"column":4},"end":{"line":161,"column":5}},"47":{"start":{"line":158,"column":6},"end":{"line":158,"column":43}},"48":{"start":{"line":159,"column":11},"end":{"line":161,"column":5}},"49":{"start":{"line":160,"column":6},"end":{"line":160,"column":47}},"50":{"start":{"line":164,"column":4},"end":{"line":169,"column":5}},"51":{"start":{"line":165,"column":6},"end":{"line":168,"column":9}},"52":{"start":{"line":171,"column":4},"end":{"line":171,"column":25}},"53":{"start":{"line":173,"column":4},"end":{"line":173,"column":16}},"54":{"start":{"line":178,"column":0},"end":{"line":221,"column":3}},"55":{"start":{"line":179,"column":2},"end":{"line":220,"column":3}},"56":{"start":{"line":180,"column":19},"end":{"line":180,"column":35}},"57":{"start":{"line":181,"column":4},"end":{"line":183,"column":5}},"58":{"start":{"line":182,"column":6},"end":{"line":182,"column":71}},"59":{"start":{"line":185,"column":20},"end":{"line":196,"column":6}},"60":{"start":{"line":198,"column":4},"end":{"line":200,"column":5}},"61":{"start":{"line":199,"column":6},"end":{"line":199,"column":71}},"62":{"start":{"line":203,"column":28},"end":{"line":210,"column":6}},"63":{"start":{"line":212,"column":25},"end":{"line":215,"column":36}},"64":{"start":{"line":213,"column":6},"end":{"line":213,"column":33}},"65":{"start":{"line":214,"column":6},"end":{"line":214,"column":17}},"66":{"start":{"line":217,"column":4},"end":{"line":217,"column":54}},"67":{"start":{"line":219,"column":4},"end":{"line":219,"column":16}},"68":{"start":{"line":224,"column":0},"end":{"line":288,"column":3}},"69":{"start":{"line":225,"column":2},"end":{"line":287,"column":3}},"70":{"start":{"line":226,"column":19},"end":{"line":226,"column":35}},"71":{"start":{"line":227,"column":4},"end":{"line":229,"column":5}},"72":{"start":{"line":228,"column":6},"end":{"line":228,"column":71}},"73":{"start":{"line":231,"column":24},"end":{"line":231,"column":32}},"74":{"start":{"line":234,"column":27},"end":{"line":237,"column":6}},"75":{"start":{"line":239,"column":33},"end":{"line":239,"column":35}},"76":{"start":{"line":240,"column":30},"end":{"line":240,"column":32}},"77":{"start":{"line":242,"column":4},"end":{"line":248,"column":7}},"78":{"start":{"line":243,"column":6},"end":{"line":247,"column":7}},"79":{"start":{"line":244,"column":8},"end":{"line":244,"column":37}},"80":{"start":{"line":246,"column":8},"end":{"line":246,"column":34}},"81":{"start":{"line":251,"column":4},"end":{"line":259,"column":5}},"82":{"start":{"line":252,"column":6},"end":{"line":258,"column":9}},"83":{"start":{"line":262,"column":20},"end":{"line":262,"column":78}},"84":{"start":{"line":263,"column":4},"end":{"line":282,"column":5}},"85":{"start":{"line":264,"column":22},"end":{"line":278,"column":null}},"86":{"start":{"line":265,"column":8},"end":{"line":278,"column":10}},"87":{"start":{"line":281,"column":6},"end":{"line":281,"column":33}},"88":{"start":{"line":284,"column":4},"end":{"line":284,"column":74}},"89":{"start":{"line":286,"column":4},"end":{"line":286,"column":16}},"90":{"start":{"line":290,"column":0},"end":{"line":290,"column":22}}},"fnMap":{"0":{"name":"(anonymous_1)","decl":{"start":{"line":12,"column":40},"end":{"line":12,"column":45}},"loc":{"start":{"line":12,"column":78},"end":{"line":60,"column":1}}},"1":{"name":"(anonymous_2)","decl":{"start":{"line":63,"column":40},"end":{"line":63,"column":45}},"loc":{"start":{"line":63,"column":78},"end":{"line":95,"column":1}}},"2":{"name":"(anonymous_3)","decl":{"start":{"line":98,"column":41},"end":{"line":98,"column":46}},"loc":{"start":{"line":98,"column":79},"end":{"line":175,"column":1}}},"3":{"name":"(anonymous_4)","decl":{"start":{"line":178,"column":44},"end":{"line":178,"column":49}},"loc":{"start":{"line":178,"column":82},"end":{"line":221,"column":1}}},"4":{"name":"(anonymous_5)","decl":{"start":{"line":212,"column":56},"end":{"line":212,"column":57}},"loc":{"start":{"line":212,"column":70},"end":{"line":215,"column":5}}},"5":{"name":"(anonymous_6)","decl":{"start":{"line":224,"column":44},"end":{"line":224,"column":49}},"loc":{"start":{"line":224,"column":82},"end":{"line":288,"column":1}}},"6":{"name":"(anonymous_7)","decl":{"start":{"line":242,"column":40},"end":{"line":242,"column":41}},"loc":{"start":{"line":242,"column":57},"end":{"line":248,"column":5}}},"7":{"name":"(anonymous_8)","decl":{"start":{"line":264,"column":55},"end":{"line":264,"column":56}},"loc":{"start":{"line":265,"column":8},"end":{"line":278,"column":10}}}},"branchMap":{"0":{"loc":{"start":{"line":15,"column":4},"end":{"line":17,"column":5}},"type":"if","locations":[{"start":{"line":15,"column":4},"end":{"line":17,"column":5}},{"start":{},"end":{}}]},"1":{"loc":{"start":{"line":30,"column":4},"end":{"line":54,"column":5}},"type":"if","locations":[{"start":{"line":30,"column":4},"end":{"line":54,"column":5}},{"start":{},"end":{}}]},"2":{"loc":{"start":{"line":66,"column":4},"end":{"line":68,"column":5}},"type":"if","locations":[{"start":{"line":66,"column":4},"end":{"line":68,"column":5}},{"start":{},"end":{}}]},"3":{"loc":{"start":{"line":101,"column":4},"end":{"line":103,"column":5}},"type":"if","locations":[{"start":{"line":101,"column":4},"end":{"line":103,"column":5}},{"start":{},"end":{}}]},"4":{"loc":{"start":{"line":112,"column":4},"end":{"line":120,"column":5}},"type":"if","locations":[{"start":{"line":112,"column":4},"end":{"line":120,"column":5}},{"start":{},"end":{}}]},"5":{"loc":{"start":{"line":138,"column":4},"end":{"line":151,"column":5}},"type":"if","locations":[{"start":{"line":138,"column":4},"end":{"line":151,"column":5}},{"start":{"line":140,"column":11},"end":{"line":151,"column":5}}]},"6":{"loc":{"start":{"line":140,"column":11},"end":{"line":151,"column":5}},"type":"if","locations":[{"start":{"line":140,"column":11},"end":{"line":151,"column":5}},{"start":{"line":145,"column":11},"end":{"line":151,"column":5}}]},"7":{"loc":{"start":{"line":142,"column":6},"end":{"line":144,"column":7}},"type":"if","locations":[{"start":{"line":142,"column":6},"end":{"line":144,"column":7}},{"start":{},"end":{}}]},"8":{"loc":{"start":{"line":145,"column":11},"end":{"line":151,"column":5}},"type":"if","locations":[{"start":{"line":145,"column":11},"end":{"line":151,"column":5}},{"start":{},"end":{}}]},"9":{"loc":{"start":{"line":146,"column":22},"end":{"line":146,"column":51}},"type":"binary-expr","locations":[{"start":{"line":146,"column":22},"end":{"line":146,"column":38}},{"start":{"line":146,"column":42},"end":{"line":146,"column":51}}]},"10":{"loc":{"start":{"line":147,"column":30},"end":{"line":147,"column":64}},"type":"binary-expr","locations":[{"start":{"line":147,"column":30},"end":{"line":147,"column":58}},{"start":{"line":147,"column":62},"end":{"line":147,"column":64}}]},"11":{"loc":{"start":{"line":148,"column":6},"end":{"line":150,"column":7}},"type":"if","locations":[{"start":{"line":148,"column":6},"end":{"line":150,"column":7}},{"start":{},"end":{}}]},"12":{"loc":{"start":{"line":154,"column":53},"end":{"line":154,"column":91}},"type":"binary-expr","locations":[{"start":{"line":154,"column":53},"end":{"line":154,"column":86}},{"start":{"line":154,"column":90},"end":{"line":154,"column":91}}]},"13":{"loc":{"start":{"line":155,"column":52},"end":{"line":155,"column":90}},"type":"binary-expr","locations":[{"start":{"line":155,"column":52},"end":{"line":155,"column":85}},{"start":{"line":155,"column":89},"end":{"line":155,"column":90}}]},"14":{"loc":{"start":{"line":157,"column":4},"end":{"line":161,"column":5}},"type":"if","locations":[{"start":{"line":157,"column":4},"end":{"line":161,"column":5}},{"start":{"line":159,"column":11},"end":{"line":161,"column":5}}]},"15":{"loc":{"start":{"line":157,"column":8},"end":{"line":157,"column":73}},"type":"binary-expr","locations":[{"start":{"line":157,"column":8},"end":{"line":157,"column":27}},{"start":{"line":157,"column":31},"end":{"line":157,"column":73}}]},"16":{"loc":{"start":{"line":159,"column":11},"end":{"line":161,"column":5}},"type":"if","locations":[{"start":{"line":159,"column":11},"end":{"line":161,"column":5}},{"start":{},"end":{}}]},"17":{"loc":{"start":{"line":159,"column":15},"end":{"line":159,"column":75}},"type":"binary-expr","locations":[{"start":{"line":159,"column":15},"end":{"line":159,"column":33}},{"start":{"line":159,"column":37},"end":{"line":159,"column":75}}]},"18":{"loc":{"start":{"line":164,"column":4},"end":{"line":169,"column":5}},"type":"if","locations":[{"start":{"line":164,"column":4},"end":{"line":169,"column":5}},{"start":{},"end":{}}]},"19":{"loc":{"start":{"line":181,"column":4},"end":{"line":183,"column":5}},"type":"if","locations":[{"start":{"line":181,"column":4},"end":{"line":183,"column":5}},{"start":{},"end":{}}]},"20":{"loc":{"start":{"line":198,"column":4},"end":{"line":200,"column":5}},"type":"if","locations":[{"start":{"line":198,"column":4},"end":{"line":200,"column":5}},{"start":{},"end":{}}]},"21":{"loc":{"start":{"line":227,"column":4},"end":{"line":229,"column":5}},"type":"if","locations":[{"start":{"line":227,"column":4},"end":{"line":229,"column":5}},{"start":{},"end":{}}]},"22":{"loc":{"start":{"line":243,"column":6},"end":{"line":247,"column":7}},"type":"if","locations":[{"start":{"line":243,"column":6},"end":{"line":247,"column":7}},{"start":{"line":245,"column":13},"end":{"line":247,"column":7}}]},"23":{"loc":{"start":{"line":251,"column":4},"end":{"line":259,"column":5}},"type":"if","locations":[{"start":{"line":251,"column":4},"end":{"line":259,"column":5}},{"start":{},"end":{}}]},"24":{"loc":{"start":{"line":263,"column":4},"end":{"line":282,"column":5}},"type":"if","locations":[{"start":{"line":263,"column":4},"end":{"line":282,"column":5}},{"start":{},"end":{}}]},"25":{"loc":{"start":{"line":263,"column":8},"end":{"line":263,"column":55}},"type":"binary-expr","locations":[{"start":{"line":263,"column":8},"end":{"line":263,"column":15}},{"start":{"line":263,"column":19},"end":{"line":263,"column":55}}]},"26":{"loc":{"start":{"line":273,"column":19},"end":{"line":273,"column":76}},"type":"cond-expr","locations":[{"start":{"line":273,"column":47},"end":{"line":273,"column":52}},{"start":{"line":273,"column":55},"end":{"line":273,"column":76}}]},"27":{"loc":{"start":{"line":276,"column":19},"end":{"line":276,"column":76}},"type":"cond-expr","locations":[{"start":{"line":276,"column":47},"end":{"line":276,"column":52}},{"start":{"line":276,"column":55},"end":{"line":276,"column":76}}]}},"s":{"0":0,"1":0,"2":0,"3":0,"4":0,"5":0,"6":0,"7":0,"8":0,"9":0,"10":0,"11":0,"12":0,"13":0,"14":0,"15":0,"16":0,"17":0,"18":0,"19":0,"20":0,"21":0,"22":0,"23":0,"24":0,"25":0,"26":0,"27":0,"28":0,"29":0,"30":0,"31":0,"32":0,"33":0,"34":0,"35":0,"36":0,"37":0,"38":0,"39":0,"40":0,"41":0,"42":0,"43":0,"44":0,"45":0,"46":0,"47":0,"48":0,"49":0,"50":0,"51":0,"52":0,"53":0,"54":0,"55":0,"56":0,"57":0,"58":0,"59":0,"60":0,"61":0,"62":0,"63":0,"64":0,"65":0,"66":0,"67":0,"68":0,"69":0,"70":0,"71":0,"72":0,"73":0,"74":0,"75":0,"76":0,"77":0,"78":0,"79":0,"80":0,"81":0,"82":0,"83":0,"84":0,"85":0,"86":0,"87":0,"88":0,"89":0,"90":0},"f":{"0":0,"1":0,"2":0,"3":0,"4":0,"5":0,"6":0,"7":0},"b":{"0":[0,0],"1":[0,0],"2":[0,0],"3":[0,0],"4":[0,0],"5":[0,0],"6":[0,0],"7":[0,0],"8":[0,0],"9":[0,0],"10":[0,0],"11":[0,0],"12":[0,0],"13":[0,0],"14":[0,0],"15":[0,0],"16":[0,0],"17":[0,0],"18":[0,0],"19":[0,0],"20":[0,0],"21":[0,0],"22":[0,0],"23":[0,0],"24":[0,0],"25":[0,0],"26":[0,0],"27":[0,0]}}
,"C:\\Sourdough-app\\sourdough-app\\backend\\src\\validation\\authSchemas.ts": {"path":"C:\\Sourdough-app\\sourdough-app\\backend\\src\\validation\\authSchemas.ts","statementMap":{"0":{"start":{"line":7,"column":0},"end":{"line":7,"column":22}},"1":{"start":{"line":12,"column":13},"end":{"line":35,"column":3}},"2":{"start":{"line":40,"column":13},"end":{"line":58,"column":3}},"3":{"start":{"line":63,"column":13},"end":{"line":70,"column":3}}},"fnMap":{},"branchMap":{},"s":{"0":7,"1":7,"2":7,"3":7},"f":{},"b":{}}
,"C:\\Sourdough-app\\sourdough-app\\backend\\src\\validation\\recipeSchemas.ts": {"path":"C:\\Sourdough-app\\sourdough-app\\backend\\src\\validation\\recipeSchemas.ts","statementMap":{"0":{"start":{"line":7,"column":0},"end":{"line":7,"column":22}},"1":{"start":{"line":12,"column":13},"end":{"line":72,"column":3}},"2":{"start":{"line":78,"column":13},"end":{"line":113,"column":3}},"3":{"start":{"line":118,"column":13},"end":{"line":129,"column":3}},"4":{"start":{"line":134,"column":13},"end":{"line":145,"column":3}},"5":{"start":{"line":150,"column":13},"end":{"line":158,"column":3}},"6":{"start":{"line":163,"column":13},"end":{"line":174,"column":3}}},"fnMap":{},"branchMap":{},"s":{"0":6,"1":6,"2":6,"3":6,"4":6,"5":6,"6":6},"f":{},"b":{}}
}
